Using pre-set license
Desktop is 1920 x 1080 @ 60 Hz

 COMMAND LINE ARGUMENTS:
Unity
-adb2
-batchMode
-noUpm
-name
AssetImportWorker0
-projectPath
/home/sheila/Documents/GameDev/SlidingPuzzle
-logFile
Logs/AssetImportWorker0.log
-srvPort
46113
Successfully changed project path to: /home/sheila/Documents/GameDev/SlidingPuzzle
/home/sheila/Documents/GameDev/SlidingPuzzle
Using Asset Import Pipeline V2.
Unable to load player prefs
Refreshing native plugins compatible for Editor in 43.40 ms, found 1 plugins.
Preloading 0 native plugins for Editor in 0.00 ms.
Initialize engine version: 2020.3.0f1 (c7b5465681fb)
[Subsystems] Discovering subsystems at path /home/sheila/Unity/Hub/Editor/2020.3.0f1/Editor/Data/Resources/UnitySubsystems
[Subsystems] Discovering subsystems at path /home/sheila/Documents/GameDev/SlidingPuzzle/Assets
GLX Extensions: GLX_EXT_visual_info GLX_EXT_visual_rating GLX_EXT_import_context GLX_SGIX_fbconfig GLX_SGIX_pbuffer GLX_SGI_video_sync GLX_SGI_swap_control GLX_EXT_swap_control GLX_EXT_swap_control_tear GLX_EXT_texture_from_pixmap GLX_EXT_buffer_age GLX_ARB_create_context GLX_ARB_create_context_profile GLX_EXT_create_context_es_profile GLX_EXT_create_context_es2_profile GLX_ARB_create_context_no_error GLX_ARB_create_context_robustness GLX_NV_delay_before_swap GLX_EXT_stereo_tree GLX_ARB_context_flush_control GLX_NV_robustness_video_memory_purge GLX_NV_multigpu_context GLX_ARB_multisample GLX_NV_float_buffer GLX_ARB_fbconfig_float GLX_EXT_framebuffer_sRGB GLX_NV_copy_image GLX_ARB_get_proc_address 
Renderer: NVIDIA GeForce RTX 2080 with Max-Q Design/PCIe/SSE2
Vendor:   NVIDIA Corporation
Version:  4.5.0 NVIDIA 465.31
GLES:     0
 GL_AMD_multi_draw_indirect GL_AMD_seamless_cubemap_per_texture GL_AMD_vertex_shader_viewport_index GL_AMD_vertex_shader_layer GL_ARB_arrays_of_arrays GL_ARB_base_instance GL_ARB_bindless_texture GL_ARB_blend_func_extended GL_ARB_buffer_storage GL_ARB_clear_buffer_object GL_ARB_clear_texture GL_ARB_clip_control GL_ARB_color_buffer_float GL_ARB_compressed_texture_pixel_storage GL_ARB_conservative_depth GL_ARB_compute_shader GL_ARB_compute_variable_group_size GL_ARB_conditional_render_inverted GL_ARB_copy_buffer GL_ARB_copy_image GL_ARB_cull_distance GL_ARB_debug_output GL_ARB_depth_buffer_float GL_ARB_depth_clamp GL_ARB_depth_texture GL_ARB_derivative_control GL_ARB_direct_state_access GL_ARB_draw_buffers GL_ARB_draw_buffers_blend GL_ARB_draw_indirect GL_ARB_draw_elements_base_vertex GL_ARB_draw_instanced GL_ARB_enhanced_layouts GL_ARB_ES2_compatibility GL_ARB_ES3_compatibility GL_ARB_ES3_1_compatibility GL_ARB_ES3_2_compatibility GL_ARB_explicit_attrib_location GL_ARB_explicit_uniform_location GL_ARB_fragmen
t_coord_conventions GL_ARB_fragment_layer_viewport GL_ARB_fragment_program GL_ARB_fragment_program_shadow GL_ARB_fragment_shader GL_ARB_fragment_shader_interlock GL_ARB_framebuffer_no_attachments GL_ARB_framebuffer_object GL_ARB_framebuffer_sRGB GL_ARB_geometry_shader4 GL_ARB_get_program_binary GL_ARB_get_texture_sub_image GL_ARB_gl_spirv GL_ARB_gpu_shader5 GL_ARB_gpu_shader_fp64 GL_ARB_gpu_shader_int64 GL_ARB_half_float_pixel GL_ARB_half_float_vertex GL_ARB_imaging GL_ARB_indirect_parameters GL_ARB_instanced_arrays GL_ARB_internalformat_query GL_ARB_internalformat_query2 GL_ARB_invalidate_subdata GL_ARB_map_buffer_alignment GL_ARB_map_buffer_range GL_ARB_multi_bind GL_ARB_multi_draw_indirect GL_ARB_multisample GL_ARB_multitexture GL_ARB_occlusion_query GL_ARB_occlusion_query2 GL_ARB_parallel_shader_compile GL_ARB_pipeline_statistics_query GL_ARB_pixel_buffer_object GL_ARB_point_parameters GL_ARB_point_sprite GL_ARB_polygon_offset_clamp GL_ARB_post_depth_coverage GL_ARB_program_interface_query GL_ARB_provoki
ng_vertex GL_ARB_query_buffer_object GL_ARB_robust_buffer_access_behavior GL_ARB_robustness GL_ARB_sample_locations GL_ARB_sample_shading GL_ARB_sampler_objects GL_ARB_seamless_cube_map GL_ARB_seamless_cubemap_per_texture GL_ARB_separate_shader_objects GL_ARB_shader_atomic_counter_ops GL_ARB_shader_atomic_counters GL_ARB_shader_ballot GL_ARB_shader_bit_encoding GL_ARB_shader_clock GL_ARB_shader_draw_parameters GL_ARB_shader_group_vote GL_ARB_shader_image_load_store GL_ARB_shader_image_size GL_ARB_shader_objects GL_ARB_shader_precision GL_ARB_shader_storage_buffer_object GL_ARB_shader_subroutine GL_ARB_shader_texture_image_samples GL_ARB_shader_texture_lod GL_ARB_shading_language_100 GL_ARB_shader_viewport_layer_array GL_ARB_shading_language_420pack GL_ARB_shading_language_include GL_ARB_shading_language_packing GL_ARB_shadow GL_ARB_sparse_buffer GL_ARB_sparse_texture GL_ARB_sparse_texture2 GL_ARB_sparse_texture_clamp GL_ARB_spirv_extensions GL_ARB_stencil_texturing GL_ARB_sync GL_ARB_tessellation_shader GL_A
RB_texture_barrier GL_ARB_texture_border_clamp GL_ARB_texture_buffer_object GL_ARB_texture_buffer_object_rgb32 GL_ARB_texture_buffer_range GL_ARB_texture_compression GL_ARB_texture_compression_bptc GL_ARB_texture_compression_rgtc GL_ARB_texture_cube_map GL_ARB_texture_cube_map_array GL_ARB_texture_env_add GL_ARB_texture_env_combine GL_ARB_texture_env_crossbar GL_ARB_texture_env_dot3 GL_ARB_texture_filter_anisotropic GL_ARB_texture_filter_minmax GL_ARB_texture_float GL_ARB_texture_gather GL_ARB_texture_mirror_clamp_to_edge GL_ARB_texture_mirrored_repeat GL_ARB_texture_multisample GL_ARB_texture_non_power_of_two GL_ARB_texture_query_levels GL_ARB_texture_query_lod GL_ARB_texture_rectangle GL_ARB_texture_rg GL_ARB_texture_rgb10_a2ui GL_ARB_texture_stencil8 GL_ARB_texture_storage GL_ARB_texture_storage_multisample GL_ARB_texture_swizzle GL_ARB_texture_view GL_ARB_timer_query GL_ARB_transform_feedback2 GL_ARB_transform_feedback3 GL_ARB_transform_feedback_instanced GL_ARB_transform_feedback_overflow_query GL_ARB_t
ranspose_matrix GL_ARB_uniform_buffer_object GL_ARB_vertex_array_bgra GL_ARB_vertex_array_object GL_ARB_vertex_attrib_64bit GL_ARB_vertex_attrib_binding GL_ARB_vertex_buffer_object GL_ARB_vertex_program GL_ARB_vertex_shader GL_ARB_vertex_type_10f_11f_11f_rev GL_ARB_vertex_type_2_10_10_10_rev GL_ARB_viewport_array GL_ARB_window_pos GL_ATI_draw_buffers GL_ATI_texture_float GL_ATI_texture_mirror_once GL_S3_s3tc GL_EXT_texture_env_add GL_EXT_abgr GL_EXT_bgra GL_EXT_bindable_uniform GL_EXT_blend_color GL_EXT_blend_equation_separate GL_EXT_blend_func_separate GL_EXT_blend_minmax GL_EXT_blend_subtract GL_EXT_compiled_vertex_array GL_EXT_Cg_shader GL_EXT_depth_bounds_test GL_EXT_direct_state_access GL_EXT_draw_buffers2 GL_EXT_draw_instanced GL_EXT_draw_range_elements GL_EXT_fog_coord GL_EXT_framebuffer_blit GL_EXT_framebuffer_multisample GL_EXTX_framebuffer_mixed_formats GL_EXT_framebuffer_multisample_blit_scaled GL_EXT_framebuffer_object GL_EXT_framebuffer_sRGB GL_EXT_geometry_shader4 GL_EXT_gpu_program_parameters 
GL_EXT_gpu_shader4 GL_EXT_multi_draw_arrays GL_EXT_multiview_texture_multisample GL_EXT_multiview_timer_query GL_EXT_packed_depth_stencil GL_EXT_packed_float GL_EXT_packed_pixels GL_EXT_pixel_buffer_object GL_EXT_point_parameters GL_EXT_polygon_offset_clamp GL_EXT_post_depth_coverage GL_EXT_provoking_vertex GL_EXT_raster_multisample GL_EXT_rescale_normal GL_EXT_secondary_color GL_EXT_separate_shader_objects GL_EXT_separate_specular_color GL_EXT_shader_image_load_formatted GL_EXT_shader_image_load_store GL_EXT_shader_integer_mix GL_EXT_shadow_funcs GL_EXT_sparse_texture2 GL_EXT_stencil_two_side GL_EXT_stencil_wrap GL_EXT_texture3D GL_EXT_texture_array GL_EXT_texture_buffer_object GL_EXT_texture_compression_dxt1 GL_EXT_texture_compression_latc GL_EXT_texture_compression_rgtc GL_EXT_texture_compression_s3tc GL_EXT_texture_cube_map GL_EXT_texture_edge_clamp GL_EXT_texture_env_combine GL_EXT_texture_env_dot3 GL_EXT_texture_filter_anisotropic GL_EXT_texture_filter_minmax GL_EXT_texture_integer GL_EXT_texture_lod G
L_EXT_texture_lod_bias GL_EXT_texture_mirror_clamp GL_EXT_texture_object GL_EXT_texture_shadow_lod GL_EXT_texture_shared_exponent GL_EXT_texture_sRGB GL_EXT_texture_sRGB_R8 GL_EXT_texture_sRGB_decode GL_EXT_texture_storage GL_EXT_texture_swizzle GL_EXT_timer_query GL_EXT_transform_feedback2 GL_EXT_vertex_array GL_EXT_vertex_array_bgra GL_EXT_vertex_attrib_64bit GL_EXT_window_rectangles GL_EXT_x11_sync_object GL_EXT_import_sync_object GL_NV_robustness_video_memory_purge GL_IBM_rasterpos_clip GL_IBM_texture_mirrored_repeat GL_KHR_context_flush_control GL_KHR_debug GL_EXT_memory_object GL_EXT_memory_object_fd GL_NV_memory_object_sparse GL_KHR_parallel_shader_compile GL_KHR_no_error GL_KHR_robust_buffer_access_behavior GL_KHR_robustness GL_EXT_semaphore GL_EXT_semaphore_fd GL_NV_timeline_semaphore GL_KHR_shader_subgroup GL_KTX_buffer_region GL_NV_alpha_to_coverage_dither_control GL_NV_bindless_multi_draw_indirect GL_NV_bindless_multi_draw_indirect_count GL_NV_bindless_texture GL_NV_blend_equation_advanced GL_NV_
blend_equation_advanced_coherent GL_NVX_blend_equation_advanced_multi_draw_buffers GL_NV_blend_minmax_factor GL_NV_blend_square GL_NV_clip_space_w_scaling GL_NV_command_list GL_NV_compute_program5 GL_NV_compute_shader_derivatives GL_NV_conditional_render GL_NV_conservative_raster GL_NV_conservative_raster_dilate GL_NV_conservative_raster_pre_snap GL_NV_conservative_raster_pre_snap_triangles GL_NV_conservative_raster_underestimation GL_NV_copy_depth_to_color GL_NV_copy_image GL_NV_depth_buffer_float GL_NV_depth_clamp GL_NV_draw_texture GL_NV_draw_vulkan_image GL_NV_ES1_1_compatibility GL_NV_ES3_1_compatibility GL_NV_explicit_multisample GL_NV_feature_query GL_NV_fence GL_NV_fill_rectangle GL_NV_float_buffer GL_NV_fog_distance GL_NV_fragment_coverage_to_color GL_NV_fragment_program GL_NV_fragment_program_option GL_NV_fragment_program2 GL_NV_fragment_shader_barycentric GL_NV_fragment_shader_interlock GL_NV_framebuffer_mixed_samples GL_NV_framebuffer_multisample_coverage GL_NV_geometry_shader4 GL_NV_geometry_sha
der_passthrough GL_NV_gpu_program4 GL_NV_internalformat_sample_query GL_NV_gpu_program4_1 GL_NV_gpu_program5 GL_NV_gpu_program5_mem_extended GL_NV_gpu_program_fp64 GL_NV_gpu_shader5 GL_NV_half_float GL_NV_light_max_exponent GL_NV_memory_attachment GL_NV_mesh_shader GL_NV_multisample_coverage GL_NV_multisample_filter_hint GL_NV_occlusion_query GL_NV_packed_depth_stencil GL_NV_parameter_buffer_object GL_NV_parameter_buffer_object2 GL_NV_path_rendering GL_NV_path_rendering_shared_edge GL_NV_pixel_data_range GL_NV_point_sprite GL_NV_primitive_restart GL_NV_query_resource GL_NV_query_resource_tag GL_NV_register_combiners GL_NV_register_combiners2 GL_NV_representative_fragment_test GL_NV_sample_locations GL_NV_sample_mask_override_coverage GL_NV_scissor_exclusive GL_NV_shader_atomic_counters GL_NV_shader_atomic_float GL_NV_shader_atomic_float64 GL_NV_shader_atomic_fp16_vector GL_NV_shader_atomic_int64 GL_NV_shader_buffer_load GL_NV_shader_storage_buffer_object GL_NV_shader_subgroup_partitioned GL_NV_shader_texture
_footprint GL_NV_shading_rate_image GL_NV_stereo_view_rendering GL_NV_texgen_reflection GL_NV_texture_barrier GL_NV_texture_compression_vtc GL_NV_texture_env_combine4 GL_NV_texture_multisample GL_NV_texture_rectangle GL_NV_texture_rectangle_compressed GL_NV_texture_shader GL_NV_texture_shader2 GL_NV_texture_shader3 GL_NV_transform_feedback GL_NV_transform_feedback2 GL_NV_uniform_buffer_unified_memory GL_NV_vdpau_interop GL_NV_vdpau_interop2 GL_NV_vertex_array_range GL_NV_vertex_array_range2 GL_NV_vertex_attrib_integer_64bit GL_NV_vertex_buffer_unified_memory GL_NV_vertex_program GL_NV_vertex_program1_1 GL_NV_vertex_program2 GL_NV_vertex_program2_option GL_NV_vertex_program3 GL_NV_viewport_array2 GL_NV_viewport_swizzle GL_NVX_conditional_render GL_NV_gpu_multicast GL_NVX_progress_fence GL_NVX_gpu_memory_info GL_NVX_nvenc_interop GL_NV_shader_thread_group GL_NV_shader_thread_shuffle GL_KHR_blend_equation_advanced GL_KHR_blend_equation_advanced_coherent GL_OVR_multiview GL_OVR_multiview2 GL_SGIS_generate_mipmap
 GL_SGIS_texture_lod GL_SGIX_depth_texture GL_SGIX_shadow GL_SUN_slice_accum
OPENGL LOG: Creating OpenGL 4.5 graphics device ; Context level  <OpenGL 4.5> ; Context handle 1982559288
Initialize mono
Mono path[0] = '/home/sheila/Unity/Hub/Editor/2020.3.0f1/Editor/Data/Managed'
Mono path[1] = '/home/sheila/Unity/Hub/Editor/2020.3.0f1/Editor/Data/MonoBleedingEdge/lib/mono/unityjit'
Mono config path = '/home/sheila/Unity/Hub/Editor/2020.3.0f1/Editor/Data/MonoBleedingEdge/etc'
Using monoOptions --debugger-agent=transport=dt_socket,embedding=1,server=y,suspend=n,address=127.0.0.1:56843
Begin MonoManager ReloadAssembly
Registering precompiled unity dll's ...
Register platform support module: /home/sheila/Unity/Hub/Editor/2020.3.0f1/Editor/Data/PlaybackEngines/LinuxStandaloneSupport/UnityEditor.LinuxStandalone.Extensions.dll
Registered in 0.001154 seconds.
Native extension for LinuxStandalone target not found
Refreshing native plugins compatible for Editor in 28.20 ms, found 1 plugins.
Preloading 0 native plugins for Editor in 0.00 ms.
Invoked RoslynAnalysisRunner static constructor.
RoslynAnalysisRunner will not be running.
RoslynAnalysisRunner has terminated.
Mono: successfully reloaded assembly
- Completed reload, in  0.929 seconds
Platform modules already initialized, skipping
Registering precompiled user dll's ...
Registered in 0.000540 seconds.
Begin MonoManager ReloadAssembly
Native extension for LinuxStandalone target not found
Refreshing native plugins compatible for Editor in 28.38 ms, found 1 plugins.
Preloading 0 native plugins for Editor in 0.00 ms.
Invoked RoslynAnalysisRunner static constructor.
RoslynAnalysisRunner will not be running.
RoslynAnalysisRunner has terminated.
Mono: successfully reloaded assembly
- Completed reload, in  0.729 seconds
Platform modules already initialized, skipping
========================================================================
Worker process is ready to serve import requests
Launched and connected shader compiler UnityShaderCompiler after 0.01 seconds
Refreshing native plugins compatible for Editor in 0.32 ms, found 1 plugins.
Preloading 0 native plugins for Editor in 0.00 ms.
Unloading 1806 Unused Serialized files (Serialized files now loaded: 0)
System memory in use before: 78.7 MB.
System memory in use after: 78.7 MB.

Unloading 24 unused Assets to reduce memory usage. Loaded Objects now: 2248.
Total: 2.940072 ms (FindLiveObjects: 0.201592 ms CreateObjectMapping: 0.069482 ms MarkObjects: 2.457953 ms  DeleteObjects: 0.209422 ms)

========================================================================
Received Import Request.
  path: Assets
  artifactKey: Guid(00000000000000001000000000000000) Importer(815301076,1909f56bfc062723c751e8b465ee728b)
Start importing Assets using Guid(00000000000000001000000000000000) Importer(815301076,1909f56bfc062723c751e8b465ee728b)  -> (artifact id: '42baae205c97e3337697759514652acd') in 0.002982 seconds
  Import took 0.005747 seconds .

========================================================================
Received Import Request.
  Time since last request: 3.338405 seconds.
  path: Assets/Sprites
  artifactKey: Guid(a820e642d3df6c773ba85e0f495b2cbb) Importer(815301076,1909f56bfc062723c751e8b465ee728b)
Start importing Assets/Sprites using Guid(a820e642d3df6c773ba85e0f495b2cbb) Importer(815301076,1909f56bfc062723c751e8b465ee728b)  -> (artifact id: '760b20135d1742df3aba0cd582ba47f1') in 0.001192 seconds
  Import took 0.003902 seconds .

========================================================================
Received Import Request.
  Time since last request: 6.671194 seconds.
  path: Assets/Prefabs
  artifactKey: Guid(03f815f0be66e9db6b50a5133c31653d) Importer(815301076,1909f56bfc062723c751e8b465ee728b)
Start importing Assets/Prefabs using Guid(03f815f0be66e9db6b50a5133c31653d) Importer(815301076,1909f56bfc062723c751e8b465ee728b)  -> (artifact id: 'fc60ca8bece8f58dd79847bd81e61637') in 0.000847 seconds
  Import took 0.002981 seconds .

========================================================================
Received Import Request.
  Time since last request: 7.332947 seconds.
  path: Assets/Scripts
  artifactKey: Guid(faf0806edef936dcab01988fe490b5b9) Importer(815301076,1909f56bfc062723c751e8b465ee728b)
Start importing Assets/Scripts using Guid(faf0806edef936dcab01988fe490b5b9) Importer(815301076,1909f56bfc062723c751e8b465ee728b)  -> (artifact id: 'e3960a17d317e729ed26ad6d18c4fa72') in 0.001068 seconds
  Import took 0.003464 seconds .

========================================================================
Received Import Request.
  Time since last request: 63.697934 seconds.
  path: Assets/Sprites/text.png
  artifactKey: Guid(1defa833b5503aee7a05efadb69fd5bc) Importer(815301076,1909f56bfc062723c751e8b465ee728b)
Start importing Assets/Sprites/text.png using Guid(1defa833b5503aee7a05efadb69fd5bc) Importer(815301076,1909f56bfc062723c751e8b465ee728b)  -> (artifact id: '59e01aa16910714b4b5ff511f0584c6a') in 0.060516 seconds
  Import took 0.063257 seconds .

========================================================================
Received Import Request.
  Time since last request: 0.000239 seconds.
  path: Assets/Sprites/Tile.png
  artifactKey: Guid(7aae54fa9cbaa3951a3b96176ca8bd55) Importer(815301076,1909f56bfc062723c751e8b465ee728b)
Start importing Assets/Sprites/Tile.png using Guid(7aae54fa9cbaa3951a3b96176ca8bd55) Importer(815301076,1909f56bfc062723c751e8b465ee728b)  -> (artifact id: '0aeddbbe1079045497891cabe643abf5') in 0.006838 seconds
  Import took 0.008944 seconds .

========================================================================
Received Import Request.
  Time since last request: 17.967951 seconds.
  path: Assets/Sprites/text.png
  artifactKey: Guid(1defa833b5503aee7a05efadb69fd5bc) Importer(815301076,1909f56bfc062723c751e8b465ee728b)
Start importing Assets/Sprites/text.png using Guid(1defa833b5503aee7a05efadb69fd5bc) Importer(815301076,1909f56bfc062723c751e8b465ee728b)  -> (artifact id: '45190456f84f410ccde10f9377f2dacf') in 0.006719 seconds
  Import took 0.009213 seconds .

========================================================================
Received Import Request.
  Time since last request: 0.074120 seconds.
  path: Assets/Sprites/text.png
  artifactKey: Guid(1defa833b5503aee7a05efadb69fd5bc) Importer(815301076,1909f56bfc062723c751e8b465ee728b)
Start importing Assets/Sprites/text.png using Guid(1defa833b5503aee7a05efadb69fd5bc) Importer(815301076,1909f56bfc062723c751e8b465ee728b)  -> (artifact id: '45190456f84f410ccde10f9377f2dacf') in 0.012013 seconds
  Import took 0.014385 seconds .

========================================================================
Received Import Request.
  Time since last request: 6.157244 seconds.
  path: Assets/Sprites/text.png
  artifactKey: Guid(1defa833b5503aee7a05efadb69fd5bc) Importer(815301076,1909f56bfc062723c751e8b465ee728b)
Start importing Assets/Sprites/text.png using Guid(1defa833b5503aee7a05efadb69fd5bc) Importer(815301076,1909f56bfc062723c751e8b465ee728b)  -> (artifact id: 'c6f9a6a92fadf331dacbf8b333f580a3') in 0.030382 seconds
  Import took 0.032975 seconds .

========================================================================
Received Import Request.
  Time since last request: 10.229704 seconds.
  path: Assets/Sprites/Tile.png
  artifactKey: Guid(7aae54fa9cbaa3951a3b96176ca8bd55) Importer(815301076,1909f56bfc062723c751e8b465ee728b)
Start importing Assets/Sprites/Tile.png using Guid(7aae54fa9cbaa3951a3b96176ca8bd55) Importer(815301076,1909f56bfc062723c751e8b465ee728b)  -> (artifact id: 'f49d354f6244d7df6d4bf307789dd022') in 0.006417 seconds
  Import took 0.009042 seconds .

========================================================================
Received Import Request.
  Time since last request: 312.798583 seconds.
  path: Assets/Scripts/tile.cs
  artifactKey: Guid(f7e0308beece908a885c1b168c5cc97f) Importer(815301076,1909f56bfc062723c751e8b465ee728b)
Start importing Assets/Scripts/tile.cs using Guid(f7e0308beece908a885c1b168c5cc97f) Importer(815301076,1909f56bfc062723c751e8b465ee728b)  -> (artifact id: 'c71eac73c620a2e09a8c91b1a69e222b') in 0.001550 seconds
  Import took 0.004134 seconds .

========================================================================
Received Prepare
Registering precompiled user dll's ...
Registered in 0.000604 seconds.
Begin MonoManager ReloadAssembly
Native extension for LinuxStandalone target not found
Refreshing native plugins compatible for Editor in 0.35 ms, found 1 plugins.
Preloading 0 native plugins for Editor in 0.00 ms.
Invoked RoslynAnalysisRunner static constructor.
RoslynAnalysisRunner will not be running.
RoslynAnalysisRunner has terminated.
Mono: successfully reloaded assembly
- Completed reload, in  0.693 seconds
Platform modules already initialized, skipping
Refreshing native plugins compatible for Editor in 0.23 ms, found 1 plugins.
Preloading 0 native plugins for Editor in 0.00 ms.
Unloading 1802 Unused Serialized files (Serialized files now loaded: 0)
System memory in use before: 80.1 MB.
System memory in use after: 80.1 MB.

Unloading 12 unused Assets to reduce memory usage. Loaded Objects now: 2277.
Total: 5.327663 ms (FindLiveObjects: 0.360764 ms CreateObjectMapping: 0.160836 ms MarkObjects: 4.635430 ms  DeleteObjects: 0.168363 ms)

========================================================================
Received Prepare
Registering precompiled user dll's ...
Registered in 0.000782 seconds.
Begin MonoManager ReloadAssembly
Native extension for LinuxStandalone target not found
Refreshing native plugins compatible for Editor in 0.37 ms, found 1 plugins.
Preloading 0 native plugins for Editor in 0.00 ms.
Invoked RoslynAnalysisRunner static constructor.
RoslynAnalysisRunner will not be running.
RoslynAnalysisRunner has terminated.
Mono: successfully reloaded assembly
- Completed reload, in  0.667 seconds
Platform modules already initialized, skipping
Refreshing native plugins compatible for Editor in 0.27 ms, found 1 plugins.
Preloading 0 native plugins for Editor in 0.00 ms.
Unloading 1802 Unused Serialized files (Serialized files now loaded: 0)
System memory in use before: 80.2 MB.
System memory in use after: 80.2 MB.

Unloading 12 unused Assets to reduce memory usage. Loaded Objects now: 2281.
Total: 2.160254 ms (FindLiveObjects: 0.216551 ms CreateObjectMapping: 0.064364 ms MarkObjects: 1.797777 ms  DeleteObjects: 0.080304 ms)

========================================================================
Received Import Request.
  Time since last request: 447.990551 seconds.
  path: Assets/Prefabs/Tile_0.prefab
  artifactKey: Guid(fe0252d00185406948a0fe30a79dc76f) Importer(815301076,1909f56bfc062723c751e8b465ee728b)
Start importing Assets/Prefabs/Tile_0.prefab using Guid(fe0252d00185406948a0fe30a79dc76f) Importer(815301076,1909f56bfc062723c751e8b465ee728b)  -> (artifact id: 'aadfabd06c9cb349da06c2d5b1197857') in 0.048508 seconds
  Import took 0.051777 seconds .

========================================================================
Received Import Request.
  Time since last request: 0.003139 seconds.
  path: Assets/Prefabs/Tile_0.prefab
  artifactKey: Guid(fe0252d00185406948a0fe30a79dc76f) Importer(815301076,1909f56bfc062723c751e8b465ee728b)
Start importing Assets/Prefabs/Tile_0.prefab using Guid(fe0252d00185406948a0fe30a79dc76f) Importer(815301076,1909f56bfc062723c751e8b465ee728b)  -> (artifact id: 'aadfabd06c9cb349da06c2d5b1197857') in 0.005912 seconds
  Import took 0.008527 seconds .

========================================================================
Received Import Request.
  Time since last request: 581.062413 seconds.
  path: Assets/Prefabs/Tile_1.prefab
  artifactKey: Guid(1bc0d7be65d158b818bf5bfa3ecc588d) Importer(815301076,1909f56bfc062723c751e8b465ee728b)
Start importing Assets/Prefabs/Tile_1.prefab using Guid(1bc0d7be65d158b818bf5bfa3ecc588d) Importer(815301076,1909f56bfc062723c751e8b465ee728b)  -> (artifact id: 'e74f7ddbc0c827bb113598797a4b0ca7') in 0.007025 seconds
  Import took 0.010026 seconds .

========================================================================
Received Import Request.
  Time since last request: 0.003727 seconds.
  path: Assets/Prefabs/Tile_1.prefab
  artifactKey: Guid(1bc0d7be65d158b818bf5bfa3ecc588d) Importer(815301076,1909f56bfc062723c751e8b465ee728b)
Start importing Assets/Prefabs/Tile_1.prefab using Guid(1bc0d7be65d158b818bf5bfa3ecc588d) Importer(815301076,1909f56bfc062723c751e8b465ee728b)  -> (artifact id: 'e74f7ddbc0c827bb113598797a4b0ca7') in 0.006015 seconds
  Import took 0.009167 seconds .

========================================================================
Received Import Request.
  Time since last request: 8.917442 seconds.
  path: Assets/Prefabs/Tile_2.prefab
  artifactKey: Guid(02537fa8cd10c90999f9910f571dd934) Importer(815301076,1909f56bfc062723c751e8b465ee728b)
Start importing Assets/Prefabs/Tile_2.prefab using Guid(02537fa8cd10c90999f9910f571dd934) Importer(815301076,1909f56bfc062723c751e8b465ee728b)  -> (artifact id: '3e0bd4db5e86cee973ae80c60450fd55') in 0.005807 seconds
  Import took 0.008576 seconds .

========================================================================
Received Import Request.
  Time since last request: 0.004825 seconds.
  path: Assets/Prefabs/Tile_2.prefab
  artifactKey: Guid(02537fa8cd10c90999f9910f571dd934) Importer(815301076,1909f56bfc062723c751e8b465ee728b)
Start importing Assets/Prefabs/Tile_2.prefab using Guid(02537fa8cd10c90999f9910f571dd934) Importer(815301076,1909f56bfc062723c751e8b465ee728b)  -> (artifact id: '3e0bd4db5e86cee973ae80c60450fd55') in 0.006150 seconds
  Import took 0.008889 seconds .

========================================================================
Received Import Request.
  Time since last request: 10.015522 seconds.
  path: Assets/Prefabs/Tile_3.prefab
  artifactKey: Guid(86b6ac87ed7de6260b8e5150e3a9e1d1) Importer(815301076,1909f56bfc062723c751e8b465ee728b)
Start importing Assets/Prefabs/Tile_3.prefab using Guid(86b6ac87ed7de6260b8e5150e3a9e1d1) Importer(815301076,1909f56bfc062723c751e8b465ee728b)  -> (artifact id: 'c6df0bc84f853db386eba2c54238cbcc') in 0.006126 seconds
  Import took 0.009089 seconds .

========================================================================
Received Import Request.
  Time since last request: 0.000942 seconds.
  path: Assets/Prefabs/Tile_3.prefab
  artifactKey: Guid(86b6ac87ed7de6260b8e5150e3a9e1d1) Importer(815301076,1909f56bfc062723c751e8b465ee728b)
Start importing Assets/Prefabs/Tile_3.prefab using Guid(86b6ac87ed7de6260b8e5150e3a9e1d1) Importer(815301076,1909f56bfc062723c751e8b465ee728b)  -> (artifact id: 'c6df0bc84f853db386eba2c54238cbcc') in 0.006208 seconds
  Import took 0.008868 seconds .

========================================================================
Received Import Request.
  Time since last request: 9.210980 seconds.
  path: Assets/Prefabs/Tile_4.prefab
  artifactKey: Guid(4ee2595908e19a08491453e4188f7718) Importer(815301076,1909f56bfc062723c751e8b465ee728b)
Start importing Assets/Prefabs/Tile_4.prefab using Guid(4ee2595908e19a08491453e4188f7718) Importer(815301076,1909f56bfc062723c751e8b465ee728b)  -> (artifact id: '0d392ede93c866f3fa8100a2ff764f90') in 0.005688 seconds
  Import took 0.008560 seconds .

========================================================================
Received Import Request.
  Time since last request: 0.004499 seconds.
  path: Assets/Prefabs/Tile_4.prefab
  artifactKey: Guid(4ee2595908e19a08491453e4188f7718) Importer(815301076,1909f56bfc062723c751e8b465ee728b)
Start importing Assets/Prefabs/Tile_4.prefab using Guid(4ee2595908e19a08491453e4188f7718) Importer(815301076,1909f56bfc062723c751e8b465ee728b)  -> (artifact id: '0d392ede93c866f3fa8100a2ff764f90') in 0.005923 seconds
  Import took 0.008731 seconds .

========================================================================
Received Import Request.
  Time since last request: 9.784775 seconds.
  path: Assets/Prefabs/Tile_5.prefab
  artifactKey: Guid(5af9b5b2b30c1a6d6873725eb224dba3) Importer(815301076,1909f56bfc062723c751e8b465ee728b)
Start importing Assets/Prefabs/Tile_5.prefab using Guid(5af9b5b2b30c1a6d6873725eb224dba3) Importer(815301076,1909f56bfc062723c751e8b465ee728b)  -> (artifact id: 'd8761f6ddbf5d7e49aa71af680f39f0e') in 0.007363 seconds
  Import took 0.010138 seconds .

========================================================================
Received Import Request.
  Time since last request: 0.000202 seconds.
  path: Assets/Prefabs/Tile_5.prefab
  artifactKey: Guid(5af9b5b2b30c1a6d6873725eb224dba3) Importer(815301076,1909f56bfc062723c751e8b465ee728b)
Start importing Assets/Prefabs/Tile_5.prefab using Guid(5af9b5b2b30c1a6d6873725eb224dba3) Importer(815301076,1909f56bfc062723c751e8b465ee728b)  -> (artifact id: 'd8761f6ddbf5d7e49aa71af680f39f0e') in 0.006100 seconds
  Import took 0.008732 seconds .

========================================================================
Received Import Request.
  Time since last request: 8.413177 seconds.
  path: Assets/Prefabs/Tile_6.prefab
  artifactKey: Guid(9100daf2128fa628ab96ba69265d3beb) Importer(815301076,1909f56bfc062723c751e8b465ee728b)
Start importing Assets/Prefabs/Tile_6.prefab using Guid(9100daf2128fa628ab96ba69265d3beb) Importer(815301076,1909f56bfc062723c751e8b465ee728b)  -> (artifact id: '649d2e6c64c57e30fdc79cf5b8618c53') in 0.006116 seconds
  Import took 0.008837 seconds .

========================================================================
Received Import Request.
  Time since last request: 0.001485 seconds.
  path: Assets/Prefabs/Tile_6.prefab
  artifactKey: Guid(9100daf2128fa628ab96ba69265d3beb) Importer(815301076,1909f56bfc062723c751e8b465ee728b)
Start importing Assets/Prefabs/Tile_6.prefab using Guid(9100daf2128fa628ab96ba69265d3beb) Importer(815301076,1909f56bfc062723c751e8b465ee728b)  -> (artifact id: '649d2e6c64c57e30fdc79cf5b8618c53') in 0.006343 seconds
  Import took 0.009212 seconds .

========================================================================
Received Import Request.
  Time since last request: 9.157535 seconds.
  path: Assets/Prefabs/Tile_7.prefab
  artifactKey: Guid(cbb527a66634f6f068bab6d56c128fc1) Importer(815301076,1909f56bfc062723c751e8b465ee728b)
Start importing Assets/Prefabs/Tile_7.prefab using Guid(cbb527a66634f6f068bab6d56c128fc1) Importer(815301076,1909f56bfc062723c751e8b465ee728b)  -> (artifact id: 'd5d506a8bc3721a5d6f1f454c6f06334') in 0.007011 seconds
  Import took 0.010557 seconds .

========================================================================
Received Import Request.
  Time since last request: 0.001179 seconds.
  path: Assets/Prefabs/Tile_7.prefab
  artifactKey: Guid(cbb527a66634f6f068bab6d56c128fc1) Importer(815301076,1909f56bfc062723c751e8b465ee728b)
Start importing Assets/Prefabs/Tile_7.prefab using Guid(cbb527a66634f6f068bab6d56c128fc1) Importer(815301076,1909f56bfc062723c751e8b465ee728b)  -> (artifact id: 'd5d506a8bc3721a5d6f1f454c6f06334') in 0.009305 seconds
  Import took 0.012987 seconds .

========================================================================
Received Import Request.
  Time since last request: 10.039042 seconds.
  path: Assets/Prefabs/Tile_8.prefab
  artifactKey: Guid(b9120babc5d819cc0b1d600fa24ff683) Importer(815301076,1909f56bfc062723c751e8b465ee728b)
Start importing Assets/Prefabs/Tile_8.prefab using Guid(b9120babc5d819cc0b1d600fa24ff683) Importer(815301076,1909f56bfc062723c751e8b465ee728b)  -> (artifact id: '8ec1666eb1d4c0007ee288c052cde7f0') in 0.009474 seconds
  Import took 0.012388 seconds .

========================================================================
Received Import Request.
  Time since last request: 0.002057 seconds.
  path: Assets/Prefabs/Tile_8.prefab
  artifactKey: Guid(b9120babc5d819cc0b1d600fa24ff683) Importer(815301076,1909f56bfc062723c751e8b465ee728b)
Start importing Assets/Prefabs/Tile_8.prefab using Guid(b9120babc5d819cc0b1d600fa24ff683) Importer(815301076,1909f56bfc062723c751e8b465ee728b)  -> (artifact id: '8ec1666eb1d4c0007ee288c052cde7f0') in 0.006911 seconds
  Import took 0.009436 seconds .

========================================================================
Received Import Request.
  Time since last request: 9.675266 seconds.
  path: Assets/Prefabs/Tile_9.prefab
  artifactKey: Guid(1e610972c929a78f58c469ab78520ed5) Importer(815301076,1909f56bfc062723c751e8b465ee728b)
Start importing Assets/Prefabs/Tile_9.prefab using Guid(1e610972c929a78f58c469ab78520ed5) Importer(815301076,1909f56bfc062723c751e8b465ee728b)  -> (artifact id: '0d09c5ae1db0931fea5c4aa68825bd38') in 0.006436 seconds
  Import took 0.009304 seconds .

========================================================================
Received Import Request.
  Time since last request: 0.000233 seconds.
  path: Assets/Prefabs/Tile_9.prefab
  artifactKey: Guid(1e610972c929a78f58c469ab78520ed5) Importer(815301076,1909f56bfc062723c751e8b465ee728b)
Start importing Assets/Prefabs/Tile_9.prefab using Guid(1e610972c929a78f58c469ab78520ed5) Importer(815301076,1909f56bfc062723c751e8b465ee728b)  -> (artifact id: '0d09c5ae1db0931fea5c4aa68825bd38') in 0.006502 seconds
  Import took 0.009125 seconds .

========================================================================
Received Import Request.
  Time since last request: 14.495518 seconds.
  path: Assets/Prefabs/Tile_10.prefab
  artifactKey: Guid(7364095c6a5b2b678ac4aca5d3257503) Importer(815301076,1909f56bfc062723c751e8b465ee728b)
Start importing Assets/Prefabs/Tile_10.prefab using Guid(7364095c6a5b2b678ac4aca5d3257503) Importer(815301076,1909f56bfc062723c751e8b465ee728b)  -> (artifact id: 'f09b8bcdfc3af637961014b93a0a15ee') in 0.005595 seconds
  Import took 0.008418 seconds .

========================================================================
Received Import Request.
  Time since last request: 0.003132 seconds.
  path: Assets/Prefabs/Tile_10.prefab
  artifactKey: Guid(7364095c6a5b2b678ac4aca5d3257503) Importer(815301076,1909f56bfc062723c751e8b465ee728b)
Start importing Assets/Prefabs/Tile_10.prefab using Guid(7364095c6a5b2b678ac4aca5d3257503) Importer(815301076,1909f56bfc062723c751e8b465ee728b)  -> (artifact id: 'f09b8bcdfc3af637961014b93a0a15ee') in 0.005714 seconds
  Import took 0.008337 seconds .

========================================================================
Received Import Request.
  Time since last request: 9.247742 seconds.
  path: Assets/Prefabs/Tile_11.prefab
  artifactKey: Guid(c53b7b3a189f50b84a1c2fc88707b6dd) Importer(815301076,1909f56bfc062723c751e8b465ee728b)
Start importing Assets/Prefabs/Tile_11.prefab using Guid(c53b7b3a189f50b84a1c2fc88707b6dd) Importer(815301076,1909f56bfc062723c751e8b465ee728b)  -> (artifact id: '00ff110da6d7779cebf62799541ec2f0') in 0.006956 seconds
  Import took 0.009796 seconds .

========================================================================
Received Import Request.
  Time since last request: 0.001691 seconds.
  path: Assets/Prefabs/Tile_11.prefab
  artifactKey: Guid(c53b7b3a189f50b84a1c2fc88707b6dd) Importer(815301076,1909f56bfc062723c751e8b465ee728b)
Start importing Assets/Prefabs/Tile_11.prefab using Guid(c53b7b3a189f50b84a1c2fc88707b6dd) Importer(815301076,1909f56bfc062723c751e8b465ee728b)  -> (artifact id: '00ff110da6d7779cebf62799541ec2f0') in 0.006378 seconds
  Import took 0.009025 seconds .

========================================================================
Received Import Request.
  Time since last request: 13.332124 seconds.
  path: Assets/Prefabs/Tile_12.prefab
  artifactKey: Guid(eaac2ec9144be3483965af4f61f325b7) Importer(815301076,1909f56bfc062723c751e8b465ee728b)
Start importing Assets/Prefabs/Tile_12.prefab using Guid(eaac2ec9144be3483965af4f61f325b7) Importer(815301076,1909f56bfc062723c751e8b465ee728b)  -> (artifact id: 'b43d0f72eed8fe092cc924dd95e73204') in 0.008804 seconds
  Import took 0.012401 seconds .

========================================================================
Received Import Request.
  Time since last request: 0.001731 seconds.
  path: Assets/Prefabs/Tile_12.prefab
  artifactKey: Guid(eaac2ec9144be3483965af4f61f325b7) Importer(815301076,1909f56bfc062723c751e8b465ee728b)
Start importing Assets/Prefabs/Tile_12.prefab using Guid(eaac2ec9144be3483965af4f61f325b7) Importer(815301076,1909f56bfc062723c751e8b465ee728b)  -> (artifact id: 'b43d0f72eed8fe092cc924dd95e73204') in 0.009132 seconds
  Import took 0.012912 seconds .

========================================================================
Received Import Request.
  Time since last request: 8.698613 seconds.
  path: Assets/Prefabs/Tile_13.prefab
  artifactKey: Guid(106faa6de6d254421bc8c43b9a8a9b3f) Importer(815301076,1909f56bfc062723c751e8b465ee728b)
Start importing Assets/Prefabs/Tile_13.prefab using Guid(106faa6de6d254421bc8c43b9a8a9b3f) Importer(815301076,1909f56bfc062723c751e8b465ee728b)  -> (artifact id: 'd570a1e98cc563888af93016446494b2') in 0.007031 seconds
  Import took 0.010842 seconds .

========================================================================
Received Import Request.
  Time since last request: 0.004490 seconds.
  path: Assets/Prefabs/Tile_13.prefab
  artifactKey: Guid(106faa6de6d254421bc8c43b9a8a9b3f) Importer(815301076,1909f56bfc062723c751e8b465ee728b)
Start importing Assets/Prefabs/Tile_13.prefab using Guid(106faa6de6d254421bc8c43b9a8a9b3f) Importer(815301076,1909f56bfc062723c751e8b465ee728b)  -> (artifact id: 'd570a1e98cc563888af93016446494b2') in 0.007019 seconds
  Import took 0.010817 seconds .

========================================================================
Received Import Request.
  Time since last request: 11.233708 seconds.
  path: Assets/Prefabs/Tile_14.prefab
  artifactKey: Guid(484508b1e77b94688aca3b7c29ef9a50) Importer(815301076,1909f56bfc062723c751e8b465ee728b)
Start importing Assets/Prefabs/Tile_14.prefab using Guid(484508b1e77b94688aca3b7c29ef9a50) Importer(815301076,1909f56bfc062723c751e8b465ee728b)  -> (artifact id: '1c3bc72f374663b370baac2af994e119') in 0.007654 seconds
  Import took 0.011710 seconds .

========================================================================
Received Import Request.
  Time since last request: 0.001601 seconds.
  path: Assets/Prefabs/Tile_14.prefab
  artifactKey: Guid(484508b1e77b94688aca3b7c29ef9a50) Importer(815301076,1909f56bfc062723c751e8b465ee728b)
Start importing Assets/Prefabs/Tile_14.prefab using Guid(484508b1e77b94688aca3b7c29ef9a50) Importer(815301076,1909f56bfc062723c751e8b465ee728b)  -> (artifact id: '1c3bc72f374663b370baac2af994e119') in 0.008313 seconds
  Import took 0.011850 seconds .

========================================================================
Received Import Request.
  Time since last request: 9.197636 seconds.
  path: Assets/Prefabs/Tile_15.prefab
  artifactKey: Guid(4207c84f4f4932149964b851f6146421) Importer(815301076,1909f56bfc062723c751e8b465ee728b)
Start importing Assets/Prefabs/Tile_15.prefab using Guid(4207c84f4f4932149964b851f6146421) Importer(815301076,1909f56bfc062723c751e8b465ee728b)  -> (artifact id: '5208acb11c34ac00a8d192e764d4d6ce') in 0.007091 seconds
  Import took 0.010460 seconds .

========================================================================
Received Import Request.
  Time since last request: 0.001131 seconds.
  path: Assets/Prefabs/Tile_15.prefab
  artifactKey: Guid(4207c84f4f4932149964b851f6146421) Importer(815301076,1909f56bfc062723c751e8b465ee728b)
Start importing Assets/Prefabs/Tile_15.prefab using Guid(4207c84f4f4932149964b851f6146421) Importer(815301076,1909f56bfc062723c751e8b465ee728b)  -> (artifact id: '5208acb11c34ac00a8d192e764d4d6ce') in 0.006679 seconds
  Import took 0.009143 seconds .

========================================================================
Received Import Request.
  Time since last request: 100.455406 seconds.
  path: Assets/Scripts/Board.cs
  artifactKey: Guid(e32b4f31a9008c764b6190836c399899) Importer(815301076,1909f56bfc062723c751e8b465ee728b)
Start importing Assets/Scripts/Board.cs using Guid(e32b4f31a9008c764b6190836c399899) Importer(815301076,1909f56bfc062723c751e8b465ee728b)  -> (artifact id: 'c61736bf8929f957b057a256c522db9d') in 0.001856 seconds
  Import took 0.005281 seconds .

========================================================================
Received Prepare
Registering precompiled user dll's ...
Registered in 0.000932 seconds.
Begin MonoManager ReloadAssembly
Native extension for LinuxStandalone target not found
Refreshing native plugins compatible for Editor in 0.32 ms, found 1 plugins.
Preloading 0 native plugins for Editor in 0.00 ms.
Invoked RoslynAnalysisRunner static constructor.
RoslynAnalysisRunner will not be running.
RoslynAnalysisRunner has terminated.
Mono: successfully reloaded assembly
- Completed reload, in  0.676 seconds
Platform modules already initialized, skipping
Refreshing native plugins compatible for Editor in 0.27 ms, found 1 plugins.
Preloading 0 native plugins for Editor in 0.00 ms.
Unloading 1803 Unused Serialized files (Serialized files now loaded: 0)
System memory in use before: 80.3 MB.
System memory in use after: 80.3 MB.

Unloading 12 unused Assets to reduce memory usage. Loaded Objects now: 2290.
Total: 2.217987 ms (FindLiveObjects: 0.199131 ms CreateObjectMapping: 0.053395 ms MarkObjects: 1.879400 ms  DeleteObjects: 0.085208 ms)

========================================================================
Received Prepare
Registering precompiled user dll's ...
Registered in 0.000610 seconds.
Begin MonoManager ReloadAssembly
Native extension for LinuxStandalone target not found
Refreshing native plugins compatible for Editor in 0.32 ms, found 1 plugins.
Preloading 0 native plugins for Editor in 0.00 ms.
Invoked RoslynAnalysisRunner static constructor.
RoslynAnalysisRunner will not be running.
RoslynAnalysisRunner has terminated.
Mono: successfully reloaded assembly
- Completed reload, in  0.674 seconds
Platform modules already initialized, skipping
Refreshing native plugins compatible for Editor in 0.26 ms, found 1 plugins.
Preloading 0 native plugins for Editor in 0.00 ms.
Unloading 1803 Unused Serialized files (Serialized files now loaded: 0)
System memory in use before: 80.3 MB.
System memory in use after: 80.3 MB.

Unloading 12 unused Assets to reduce memory usage. Loaded Objects now: 2294.
Total: 2.237426 ms (FindLiveObjects: 0.196029 ms CreateObjectMapping: 0.051695 ms MarkObjects: 1.907324 ms  DeleteObjects: 0.081308 ms)

========================================================================
Received Prepare
Registering precompiled user dll's ...
Registered in 0.000820 seconds.
Begin MonoManager ReloadAssembly
Native extension for LinuxStandalone target not found
Refreshing native plugins compatible for Editor in 0.31 ms, found 1 plugins.
Preloading 0 native plugins for Editor in 0.00 ms.
Invoked RoslynAnalysisRunner static constructor.
RoslynAnalysisRunner will not be running.
RoslynAnalysisRunner has terminated.
Mono: successfully reloaded assembly
- Completed reload, in  0.676 seconds
Platform modules already initialized, skipping
Refreshing native plugins compatible for Editor in 0.23 ms, found 1 plugins.
Preloading 0 native plugins for Editor in 0.00 ms.
Unloading 1803 Unused Serialized files (Serialized files now loaded: 0)
System memory in use before: 80.3 MB.
System memory in use after: 80.3 MB.

Unloading 12 unused Assets to reduce memory usage. Loaded Objects now: 2298.
Total: 2.598217 ms (FindLiveObjects: 0.279729 ms CreateObjectMapping: 0.097759 ms MarkObjects: 2.080185 ms  DeleteObjects: 0.138380 ms)

========================================================================
Received Prepare
Registering precompiled user dll's ...
Registered in 0.000657 seconds.
Begin MonoManager ReloadAssembly
Native extension for LinuxStandalone target not found
Refreshing native plugins compatible for Editor in 0.31 ms, found 1 plugins.
Preloading 0 native plugins for Editor in 0.00 ms.
Invoked RoslynAnalysisRunner static constructor.
RoslynAnalysisRunner will not be running.
RoslynAnalysisRunner has terminated.
Mono: successfully reloaded assembly
- Completed reload, in  0.657 seconds
Platform modules already initialized, skipping
Refreshing native plugins compatible for Editor in 0.29 ms, found 1 plugins.
Preloading 0 native plugins for Editor in 0.00 ms.
Unloading 1803 Unused Serialized files (Serialized files now loaded: 0)
System memory in use before: 80.3 MB.
System memory in use after: 80.3 MB.

Unloading 12 unused Assets to reduce memory usage. Loaded Objects now: 2302.
Total: 2.423713 ms (FindLiveObjects: 0.232250 ms CreateObjectMapping: 0.111894 ms MarkObjects: 1.986132 ms  DeleteObjects: 0.092616 ms)

========================================================================
Received Prepare
Registering precompiled user dll's ...
Registered in 0.000646 seconds.
Begin MonoManager ReloadAssembly
Native extension for LinuxStandalone target not found
Refreshing native plugins compatible for Editor in 0.31 ms, found 1 plugins.
Preloading 0 native plugins for Editor in 0.00 ms.
Invoked RoslynAnalysisRunner static constructor.
RoslynAnalysisRunner will not be running.
RoslynAnalysisRunner has terminated.
Mono: successfully reloaded assembly
- Completed reload, in  0.660 seconds
Platform modules already initialized, skipping
Refreshing native plugins compatible for Editor in 0.29 ms, found 1 plugins.
Preloading 0 native plugins for Editor in 0.00 ms.
Unloading 1803 Unused Serialized files (Serialized files now loaded: 0)
System memory in use before: 80.3 MB.
System memory in use after: 80.3 MB.

Unloading 12 unused Assets to reduce memory usage. Loaded Objects now: 2306.
Total: 2.565078 ms (FindLiveObjects: 0.286846 ms CreateObjectMapping: 0.149975 ms MarkObjects: 2.031029 ms  DeleteObjects: 0.096220 ms)

========================================================================
Received Prepare
Registering precompiled user dll's ...
Registered in 0.000772 seconds.
Begin MonoManager ReloadAssembly
Native extension for LinuxStandalone target not found
Refreshing native plugins compatible for Editor in 0.32 ms, found 1 plugins.
Preloading 0 native plugins for Editor in 0.00 ms.
Invoked RoslynAnalysisRunner static constructor.
RoslynAnalysisRunner will not be running.
RoslynAnalysisRunner has terminated.
Mono: successfully reloaded assembly
- Completed reload, in  0.661 seconds
Platform modules already initialized, skipping
Refreshing native plugins compatible for Editor in 0.29 ms, found 1 plugins.
Preloading 0 native plugins for Editor in 0.00 ms.
Unloading 1803 Unused Serialized files (Serialized files now loaded: 0)
System memory in use before: 80.3 MB.
System memory in use after: 80.3 MB.

Unloading 12 unused Assets to reduce memory usage. Loaded Objects now: 2310.
Total: 2.356342 ms (FindLiveObjects: 0.217006 ms CreateObjectMapping: 0.057099 ms MarkObjects: 1.984634 ms  DeleteObjects: 0.096760 ms)

========================================================================
Received Prepare
Registering precompiled user dll's ...
Registered in 0.000697 seconds.
Begin MonoManager ReloadAssembly
Native extension for LinuxStandalone target not found
Refreshing native plugins compatible for Editor in 0.37 ms, found 1 plugins.
Preloading 0 native plugins for Editor in 0.00 ms.
Invoked RoslynAnalysisRunner static constructor.
RoslynAnalysisRunner will not be running.
RoslynAnalysisRunner has terminated.
Mono: successfully reloaded assembly
- Completed reload, in  0.657 seconds
Platform modules already initialized, skipping
Refreshing native plugins compatible for Editor in 0.29 ms, found 1 plugins.
Preloading 0 native plugins for Editor in 0.00 ms.
Unloading 1803 Unused Serialized files (Serialized files now loaded: 0)
System memory in use before: 80.3 MB.
System memory in use after: 80.4 MB.

Unloading 12 unused Assets to reduce memory usage. Loaded Objects now: 2314.
Total: 2.436844 ms (FindLiveObjects: 0.291818 ms CreateObjectMapping: 0.058529 ms MarkObjects: 1.988978 ms  DeleteObjects: 0.096278 ms)

========================================================================
Received Prepare
Registering precompiled user dll's ...
Registered in 0.000661 seconds.
Begin MonoManager ReloadAssembly
Native extension for LinuxStandalone target not found
Refreshing native plugins compatible for Editor in 0.32 ms, found 1 plugins.
Preloading 0 native plugins for Editor in 0.00 ms.
Invoked RoslynAnalysisRunner static constructor.
RoslynAnalysisRunner will not be running.
RoslynAnalysisRunner has terminated.
Mono: successfully reloaded assembly
- Completed reload, in  0.661 seconds
Platform modules already initialized, skipping
Refreshing native plugins compatible for Editor in 0.29 ms, found 1 plugins.
Preloading 0 native plugins for Editor in 0.00 ms.
Unloading 1803 Unused Serialized files (Serialized files now loaded: 0)
System memory in use before: 80.4 MB.
System memory in use after: 80.4 MB.

Unloading 12 unused Assets to reduce memory usage. Loaded Objects now: 2318.
Total: 2.342805 ms (FindLiveObjects: 0.208611 ms CreateObjectMapping: 0.056622 ms MarkObjects: 1.979232 ms  DeleteObjects: 0.097538 ms)

========================================================================
Received Prepare
Registering precompiled user dll's ...
Registered in 0.000986 seconds.
Begin MonoManager ReloadAssembly
Native extension for LinuxStandalone target not found
Refreshing native plugins compatible for Editor in 0.31 ms, found 1 plugins.
Preloading 0 native plugins for Editor in 0.00 ms.
Invoked RoslynAnalysisRunner static constructor.
RoslynAnalysisRunner will not be running.
RoslynAnalysisRunner has terminated.
Mono: successfully reloaded assembly
- Completed reload, in  0.684 seconds
Platform modules already initialized, skipping
Refreshing native plugins compatible for Editor in 0.30 ms, found 1 plugins.
Preloading 0 native plugins for Editor in 0.00 ms.
Unloading 1803 Unused Serialized files (Serialized files now loaded: 0)
System memory in use before: 80.4 MB.
System memory in use after: 80.4 MB.

Unloading 12 unused Assets to reduce memory usage. Loaded Objects now: 2322.
Total: 2.575688 ms (FindLiveObjects: 0.343100 ms CreateObjectMapping: 0.067212 ms MarkObjects: 2.061701 ms  DeleteObjects: 0.102546 ms)

========================================================================
Received Prepare
Registering precompiled user dll's ...
Registered in 0.000736 seconds.
Begin MonoManager ReloadAssembly
Native extension for LinuxStandalone target not found
Refreshing native plugins compatible for Editor in 0.31 ms, found 1 plugins.
Preloading 0 native plugins for Editor in 0.00 ms.
Invoked RoslynAnalysisRunner static constructor.
RoslynAnalysisRunner will not be running.
RoslynAnalysisRunner has terminated.
Mono: successfully reloaded assembly
- Completed reload, in  0.687 seconds
Platform modules already initialized, skipping
Refreshing native plugins compatible for Editor in 0.28 ms, found 1 plugins.
Preloading 0 native plugins for Editor in 0.00 ms.
Unloading 1803 Unused Serialized files (Serialized files now loaded: 0)
System memory in use before: 80.4 MB.
System memory in use after: 80.4 MB.

Unloading 12 unused Assets to reduce memory usage. Loaded Objects now: 2326.
Total: 2.367324 ms (FindLiveObjects: 0.240557 ms CreateObjectMapping: 0.050684 ms MarkObjects: 1.976961 ms  DeleteObjects: 0.098241 ms)

========================================================================
Received Prepare
Registering precompiled user dll's ...
Registered in 0.000683 seconds.
Begin MonoManager ReloadAssembly
Native extension for LinuxStandalone target not found
Refreshing native plugins compatible for Editor in 0.32 ms, found 1 plugins.
Preloading 0 native plugins for Editor in 0.00 ms.
Invoked RoslynAnalysisRunner static constructor.
RoslynAnalysisRunner will not be running.
RoslynAnalysisRunner has terminated.
Mono: successfully reloaded assembly
- Completed reload, in  0.664 seconds
Platform modules already initialized, skipping
Refreshing native plugins compatible for Editor in 0.31 ms, found 1 plugins.
Preloading 0 native plugins for Editor in 0.00 ms.
Unloading 1803 Unused Serialized files (Serialized files now loaded: 0)
System memory in use before: 80.4 MB.
System memory in use after: 80.4 MB.

Unloading 12 unused Assets to reduce memory usage. Loaded Objects now: 2330.
Total: 2.431822 ms (FindLiveObjects: 0.223608 ms CreateObjectMapping: 0.058186 ms MarkObjects: 2.051028 ms  DeleteObjects: 0.097963 ms)

========================================================================
Received Prepare
Registering precompiled user dll's ...
Registered in 0.000695 seconds.
Begin MonoManager ReloadAssembly
Native extension for LinuxStandalone target not found
Refreshing native plugins compatible for Editor in 0.32 ms, found 1 plugins.
Preloading 0 native plugins for Editor in 0.00 ms.
Invoked RoslynAnalysisRunner static constructor.
RoslynAnalysisRunner will not be running.
RoslynAnalysisRunner has terminated.
Mono: successfully reloaded assembly
- Completed reload, in  0.697 seconds
Platform modules already initialized, skipping
Refreshing native plugins compatible for Editor in 0.26 ms, found 1 plugins.
Preloading 0 native plugins for Editor in 0.00 ms.
Unloading 1803 Unused Serialized files (Serialized files now loaded: 0)
System memory in use before: 80.4 MB.
System memory in use after: 80.4 MB.

Unloading 12 unused Assets to reduce memory usage. Loaded Objects now: 2334.
Total: 2.467641 ms (FindLiveObjects: 0.265786 ms CreateObjectMapping: 0.047728 ms MarkObjects: 2.032354 ms  DeleteObjects: 0.120814 ms)

========================================================================
Received Prepare
Registering precompiled user dll's ...
Registered in 0.000821 seconds.
Begin MonoManager ReloadAssembly
Native extension for LinuxStandalone target not found
Refreshing native plugins compatible for Editor in 0.30 ms, found 1 plugins.
Preloading 0 native plugins for Editor in 0.00 ms.
Invoked RoslynAnalysisRunner static constructor.
RoslynAnalysisRunner will not be running.
RoslynAnalysisRunner has terminated.
Mono: successfully reloaded assembly
- Completed reload, in  0.683 seconds
Platform modules already initialized, skipping
Refreshing native plugins compatible for Editor in 0.28 ms, found 1 plugins.
Preloading 0 native plugins for Editor in 0.00 ms.
Unloading 1803 Unused Serialized files (Serialized files now loaded: 0)
System memory in use before: 80.4 MB.
System memory in use after: 80.4 MB.

Unloading 12 unused Assets to reduce memory usage. Loaded Objects now: 2338.
Total: 2.666700 ms (FindLiveObjects: 0.420751 ms CreateObjectMapping: 0.082930 ms MarkObjects: 2.030213 ms  DeleteObjects: 0.131784 ms)

========================================================================
Received Prepare
Registering precompiled user dll's ...
Registered in 0.000630 seconds.
Begin MonoManager ReloadAssembly
Native extension for LinuxStandalone target not found
Refreshing native plugins compatible for Editor in 0.32 ms, found 1 plugins.
Preloading 0 native plugins for Editor in 0.00 ms.
Invoked RoslynAnalysisRunner static constructor.
RoslynAnalysisRunner will not be running.
RoslynAnalysisRunner has terminated.
Mono: successfully reloaded assembly
- Completed reload, in  0.660 seconds
Platform modules already initialized, skipping
Refreshing native plugins compatible for Editor in 0.28 ms, found 1 plugins.
Preloading 0 native plugins for Editor in 0.00 ms.
Unloading 1803 Unused Serialized files (Serialized files now loaded: 0)
System memory in use before: 80.4 MB.
System memory in use after: 80.4 MB.

Unloading 12 unused Assets to reduce memory usage. Loaded Objects now: 2342.
Total: 2.713759 ms (FindLiveObjects: 0.217296 ms CreateObjectMapping: 0.077678 ms MarkObjects: 2.285775 ms  DeleteObjects: 0.116591 ms)

========================================================================
Received Prepare
Registering precompiled user dll's ...
Registered in 0.000770 seconds.
Begin MonoManager ReloadAssembly
Native extension for LinuxStandalone target not found
Refreshing native plugins compatible for Editor in 0.33 ms, found 1 plugins.
Preloading 0 native plugins for Editor in 0.00 ms.
Invoked RoslynAnalysisRunner static constructor.
RoslynAnalysisRunner will not be running.
RoslynAnalysisRunner has terminated.
Mono: successfully reloaded assembly
- Completed reload, in  0.678 seconds
Platform modules already initialized, skipping
Refreshing native plugins compatible for Editor in 0.25 ms, found 1 plugins.
Preloading 0 native plugins for Editor in 0.00 ms.
Unloading 1803 Unused Serialized files (Serialized files now loaded: 0)
System memory in use before: 80.4 MB.
System memory in use after: 80.4 MB.

Unloading 12 unused Assets to reduce memory usage. Loaded Objects now: 2346.
Total: 2.590623 ms (FindLiveObjects: 0.396080 ms CreateObjectMapping: 0.070361 ms MarkObjects: 2.023607 ms  DeleteObjects: 0.098929 ms)

========================================================================
Received Prepare
Registering precompiled user dll's ...
Registered in 0.000650 seconds.
Begin MonoManager ReloadAssembly
Native extension for LinuxStandalone target not found
Refreshing native plugins compatible for Editor in 0.31 ms, found 1 plugins.
Preloading 0 native plugins for Editor in 0.00 ms.
Invoked RoslynAnalysisRunner static constructor.
RoslynAnalysisRunner will not be running.
RoslynAnalysisRunner has terminated.
Mono: successfully reloaded assembly
- Completed reload, in  0.674 seconds
Platform modules already initialized, skipping
Refreshing native plugins compatible for Editor in 0.29 ms, found 1 plugins.
Preloading 0 native plugins for Editor in 0.00 ms.
Unloading 1803 Unused Serialized files (Serialized files now loaded: 0)
System memory in use before: 80.4 MB.
System memory in use after: 80.4 MB.

Unloading 12 unused Assets to reduce memory usage. Loaded Objects now: 2350.
Total: 2.313476 ms (FindLiveObjects: 0.178543 ms CreateObjectMapping: 0.048049 ms MarkObjects: 1.996231 ms  DeleteObjects: 0.089723 ms)

========================================================================
Received Prepare
Registering precompiled user dll's ...
Registered in 0.000669 seconds.
Begin MonoManager ReloadAssembly
Native extension for LinuxStandalone target not found
Refreshing native plugins compatible for Editor in 0.32 ms, found 1 plugins.
Preloading 0 native plugins for Editor in 0.00 ms.
Invoked RoslynAnalysisRunner static constructor.
RoslynAnalysisRunner will not be running.
RoslynAnalysisRunner has terminated.
Mono: successfully reloaded assembly
- Completed reload, in  0.693 seconds
Platform modules already initialized, skipping
Refreshing native plugins compatible for Editor in 0.30 ms, found 1 plugins.
Preloading 0 native plugins for Editor in 0.00 ms.
Unloading 1803 Unused Serialized files (Serialized files now loaded: 0)
System memory in use before: 80.4 MB.
System memory in use after: 80.4 MB.

Unloading 12 unused Assets to reduce memory usage. Loaded Objects now: 2354.
Total: 2.613178 ms (FindLiveObjects: 0.318807 ms CreateObjectMapping: 0.080932 ms MarkObjects: 2.108287 ms  DeleteObjects: 0.103904 ms)

========================================================================
Received Prepare
Registering precompiled user dll's ...
Registered in 0.000909 seconds.
Begin MonoManager ReloadAssembly
Native extension for LinuxStandalone target not found
Refreshing native plugins compatible for Editor in 0.31 ms, found 1 plugins.
Preloading 0 native plugins for Editor in 0.00 ms.
Invoked RoslynAnalysisRunner static constructor.
RoslynAnalysisRunner will not be running.
RoslynAnalysisRunner has terminated.
Mono: successfully reloaded assembly
- Completed reload, in  0.682 seconds
Platform modules already initialized, skipping
Refreshing native plugins compatible for Editor in 0.31 ms, found 1 plugins.
Preloading 0 native plugins for Editor in 0.00 ms.
Unloading 1803 Unused Serialized files (Serialized files now loaded: 0)
System memory in use before: 80.4 MB.
System memory in use after: 80.4 MB.

Unloading 12 unused Assets to reduce memory usage. Loaded Objects now: 2358.
Total: 2.521531 ms (FindLiveObjects: 0.391285 ms CreateObjectMapping: 0.070643 ms MarkObjects: 1.965720 ms  DeleteObjects: 0.092849 ms)

========================================================================
Received Prepare
Registering precompiled user dll's ...
Registered in 0.000672 seconds.
Begin MonoManager ReloadAssembly
Native extension for LinuxStandalone target not found
Refreshing native plugins compatible for Editor in 0.36 ms, found 1 plugins.
Preloading 0 native plugins for Editor in 0.00 ms.
Invoked RoslynAnalysisRunner static constructor.
RoslynAnalysisRunner will not be running.
RoslynAnalysisRunner has terminated.
Mono: successfully reloaded assembly
- Completed reload, in  0.696 seconds
Platform modules already initialized, skipping
Refreshing native plugins compatible for Editor in 0.30 ms, found 1 plugins.
Preloading 0 native plugins for Editor in 0.00 ms.
Unloading 1803 Unused Serialized files (Serialized files now loaded: 0)
System memory in use before: 80.4 MB.
System memory in use after: 80.4 MB.

Unloading 12 unused Assets to reduce memory usage. Loaded Objects now: 2362.
Total: 2.477137 ms (FindLiveObjects: 0.222066 ms CreateObjectMapping: 0.071290 ms MarkObjects: 2.091713 ms  DeleteObjects: 0.091190 ms)

========================================================================
Received Prepare
Registering precompiled user dll's ...
Registered in 0.000587 seconds.
Begin MonoManager ReloadAssembly
Native extension for LinuxStandalone target not found
Refreshing native plugins compatible for Editor in 0.31 ms, found 1 plugins.
Preloading 0 native plugins for Editor in 0.00 ms.
Invoked RoslynAnalysisRunner static constructor.
RoslynAnalysisRunner will not be running.
RoslynAnalysisRunner has terminated.
Mono: successfully reloaded assembly
- Completed reload, in  0.676 seconds
Platform modules already initialized, skipping
Refreshing native plugins compatible for Editor in 0.26 ms, found 1 plugins.
Preloading 0 native plugins for Editor in 0.00 ms.
Unloading 1803 Unused Serialized files (Serialized files now loaded: 0)
System memory in use before: 80.4 MB.
System memory in use after: 80.5 MB.

Unloading 12 unused Assets to reduce memory usage. Loaded Objects now: 2366.
Total: 2.327423 ms (FindLiveObjects: 0.164820 ms CreateObjectMapping: 0.056771 ms MarkObjects: 2.013710 ms  DeleteObjects: 0.091318 ms)

========================================================================
Received Prepare
Registering precompiled user dll's ...
Registered in 0.000787 seconds.
Begin MonoManager ReloadAssembly
Native extension for LinuxStandalone target not found
Refreshing native plugins compatible for Editor in 0.31 ms, found 1 plugins.
Preloading 0 native plugins for Editor in 0.00 ms.
Invoked RoslynAnalysisRunner static constructor.
RoslynAnalysisRunner will not be running.
RoslynAnalysisRunner has terminated.
Mono: successfully reloaded assembly
- Completed reload, in  0.687 seconds
Platform modules already initialized, skipping
Refreshing native plugins compatible for Editor in 0.27 ms, found 1 plugins.
Preloading 0 native plugins for Editor in 0.00 ms.
Unloading 1803 Unused Serialized files (Serialized files now loaded: 0)
System memory in use before: 80.4 MB.
System memory in use after: 80.5 MB.

Unloading 12 unused Assets to reduce memory usage. Loaded Objects now: 2370.
Total: 5.302656 ms (FindLiveObjects: 0.599271 ms CreateObjectMapping: 0.256446 ms MarkObjects: 4.254799 ms  DeleteObjects: 0.188795 ms)

========================================================================
Received Prepare
Registering precompiled user dll's ...
Registered in 0.000704 seconds.
Begin MonoManager ReloadAssembly
Native extension for LinuxStandalone target not found
Refreshing native plugins compatible for Editor in 0.31 ms, found 1 plugins.
Preloading 0 native plugins for Editor in 0.00 ms.
Invoked RoslynAnalysisRunner static constructor.
RoslynAnalysisRunner will not be running.
RoslynAnalysisRunner has terminated.
Mono: successfully reloaded assembly
- Completed reload, in  0.677 seconds
Platform modules already initialized, skipping
Refreshing native plugins compatible for Editor in 0.24 ms, found 1 plugins.
Preloading 0 native plugins for Editor in 0.00 ms.
Unloading 1803 Unused Serialized files (Serialized files now loaded: 0)
System memory in use before: 80.5 MB.
System memory in use after: 80.5 MB.

Unloading 12 unused Assets to reduce memory usage. Loaded Objects now: 2374.
Total: 2.622049 ms (FindLiveObjects: 0.368855 ms CreateObjectMapping: 0.132981 ms MarkObjects: 2.014128 ms  DeleteObjects: 0.104321 ms)

========================================================================
Received Prepare
Registering precompiled user dll's ...
Registered in 0.000644 seconds.
Begin MonoManager ReloadAssembly
Native extension for LinuxStandalone target not found
Refreshing native plugins compatible for Editor in 0.34 ms, found 1 plugins.
Preloading 0 native plugins for Editor in 0.00 ms.
Invoked RoslynAnalysisRunner static constructor.
RoslynAnalysisRunner will not be running.
RoslynAnalysisRunner has terminated.
Mono: successfully reloaded assembly
- Completed reload, in  0.744 seconds
Platform modules already initialized, skipping
Refreshing native plugins compatible for Editor in 0.37 ms, found 1 plugins.
Preloading 0 native plugins for Editor in 0.00 ms.
Unloading 1803 Unused Serialized files (Serialized files now loaded: 0)
System memory in use before: 80.5 MB.
System memory in use after: 80.5 MB.

Unloading 12 unused Assets to reduce memory usage. Loaded Objects now: 2378.
Total: 2.719653 ms (FindLiveObjects: 0.275871 ms CreateObjectMapping: 0.118112 ms MarkObjects: 2.215318 ms  DeleteObjects: 0.109478 ms)

========================================================================
Received Prepare
Registering precompiled user dll's ...
Registered in 0.000969 seconds.
Begin MonoManager ReloadAssembly
Native extension for LinuxStandalone target not found
Refreshing native plugins compatible for Editor in 0.38 ms, found 1 plugins.
Preloading 0 native plugins for Editor in 0.00 ms.
Invoked RoslynAnalysisRunner static constructor.
RoslynAnalysisRunner will not be running.
RoslynAnalysisRunner has terminated.
Mono: successfully reloaded assembly
- Completed reload, in  0.692 seconds
Platform modules already initialized, skipping
Refreshing native plugins compatible for Editor in 0.25 ms, found 1 plugins.
Preloading 0 native plugins for Editor in 0.00 ms.
Unloading 1803 Unused Serialized files (Serialized files now loaded: 0)
System memory in use before: 80.5 MB.
System memory in use after: 80.5 MB.

Unloading 12 unused Assets to reduce memory usage. Loaded Objects now: 2382.
Total: 2.596698 ms (FindLiveObjects: 0.257525 ms CreateObjectMapping: 0.080977 ms MarkObjects: 2.122591 ms  DeleteObjects: 0.104533 ms)

========================================================================
Received Prepare
Registering precompiled user dll's ...
Registered in 0.000682 seconds.
Begin MonoManager ReloadAssembly
Native extension for LinuxStandalone target not found
Refreshing native plugins compatible for Editor in 0.31 ms, found 1 plugins.
Preloading 0 native plugins for Editor in 0.00 ms.
Invoked RoslynAnalysisRunner static constructor.
RoslynAnalysisRunner will not be running.
RoslynAnalysisRunner has terminated.
Mono: successfully reloaded assembly
- Completed reload, in  0.675 seconds
Platform modules already initialized, skipping
Refreshing native plugins compatible for Editor in 0.25 ms, found 1 plugins.
Preloading 0 native plugins for Editor in 0.00 ms.
Unloading 1803 Unused Serialized files (Serialized files now loaded: 0)
System memory in use before: 80.5 MB.
System memory in use after: 80.5 MB.

Unloading 12 unused Assets to reduce memory usage. Loaded Objects now: 2386.
Total: 2.429341 ms (FindLiveObjects: 0.287839 ms CreateObjectMapping: 0.046683 ms MarkObjects: 2.007515 ms  DeleteObjects: 0.086405 ms)

========================================================================
Received Prepare
Registering precompiled user dll's ...
Registered in 0.000742 seconds.
Begin MonoManager ReloadAssembly
Native extension for LinuxStandalone target not found
Refreshing native plugins compatible for Editor in 0.32 ms, found 1 plugins.
Preloading 0 native plugins for Editor in 0.00 ms.
Invoked RoslynAnalysisRunner static constructor.
RoslynAnalysisRunner will not be running.
RoslynAnalysisRunner has terminated.
Mono: successfully reloaded assembly
- Completed reload, in  0.679 seconds
Platform modules already initialized, skipping
Refreshing native plugins compatible for Editor in 0.26 ms, found 1 plugins.
Preloading 0 native plugins for Editor in 0.00 ms.
Unloading 1803 Unused Serialized files (Serialized files now loaded: 0)
System memory in use before: 80.5 MB.
System memory in use after: 80.5 MB.

Unloading 12 unused Assets to reduce memory usage. Loaded Objects now: 2390.
Total: 6.020667 ms (FindLiveObjects: 0.435990 ms CreateObjectMapping: 0.165050 ms MarkObjects: 5.219795 ms  DeleteObjects: 0.197249 ms)

========================================================================
Received Prepare
Registering precompiled user dll's ...
Registered in 0.000747 seconds.
Begin MonoManager ReloadAssembly
Native extension for LinuxStandalone target not found
Refreshing native plugins compatible for Editor in 0.41 ms, found 1 plugins.
Preloading 0 native plugins for Editor in 0.00 ms.
Invoked RoslynAnalysisRunner static constructor.
RoslynAnalysisRunner will not be running.
RoslynAnalysisRunner has terminated.
Mono: successfully reloaded assembly
- Completed reload, in  0.684 seconds
Platform modules already initialized, skipping
Refreshing native plugins compatible for Editor in 0.25 ms, found 1 plugins.
Preloading 0 native plugins for Editor in 0.00 ms.
Unloading 1803 Unused Serialized files (Serialized files now loaded: 0)
System memory in use before: 80.5 MB.
System memory in use after: 80.5 MB.

Unloading 12 unused Assets to reduce memory usage. Loaded Objects now: 2394.
Total: 2.650435 ms (FindLiveObjects: 0.270714 ms CreateObjectMapping: 0.084254 ms MarkObjects: 2.185975 ms  DeleteObjects: 0.107581 ms)

========================================================================
Received Prepare
Registering precompiled user dll's ...
Registered in 0.000801 seconds.
Begin MonoManager ReloadAssembly
Native extension for LinuxStandalone target not found
Refreshing native plugins compatible for Editor in 0.50 ms, found 1 plugins.
Preloading 0 native plugins for Editor in 0.00 ms.
Invoked RoslynAnalysisRunner static constructor.
RoslynAnalysisRunner will not be running.
RoslynAnalysisRunner has terminated.
Mono: successfully reloaded assembly
- Completed reload, in  0.769 seconds
Platform modules already initialized, skipping
Refreshing native plugins compatible for Editor in 0.31 ms, found 1 plugins.
Preloading 0 native plugins for Editor in 0.00 ms.
Unloading 1803 Unused Serialized files (Serialized files now loaded: 0)
System memory in use before: 80.5 MB.
System memory in use after: 80.5 MB.

Unloading 12 unused Assets to reduce memory usage. Loaded Objects now: 2398.
Total: 2.604688 ms (FindLiveObjects: 0.283291 ms CreateObjectMapping: 0.077911 ms MarkObjects: 2.130789 ms  DeleteObjects: 0.111551 ms)

========================================================================
Received Prepare
Registering precompiled user dll's ...
Registered in 0.000659 seconds.
Begin MonoManager ReloadAssembly
Native extension for LinuxStandalone target not found
Refreshing native plugins compatible for Editor in 0.32 ms, found 1 plugins.
Preloading 0 native plugins for Editor in 0.00 ms.
Invoked RoslynAnalysisRunner static constructor.
RoslynAnalysisRunner will not be running.
RoslynAnalysisRunner has terminated.
Mono: successfully reloaded assembly
- Completed reload, in  0.684 seconds
Platform modules already initialized, skipping
Refreshing native plugins compatible for Editor in 0.26 ms, found 1 plugins.
Preloading 0 native plugins for Editor in 0.00 ms.
Unloading 1803 Unused Serialized files (Serialized files now loaded: 0)
System memory in use before: 80.5 MB.
System memory in use after: 80.5 MB.

Unloading 12 unused Assets to reduce memory usage. Loaded Objects now: 2402.
Total: 2.535285 ms (FindLiveObjects: 0.223366 ms CreateObjectMapping: 0.081047 ms MarkObjects: 2.121726 ms  DeleteObjects: 0.106739 ms)

========================================================================
Received Prepare
Registering precompiled user dll's ...
Registered in 0.000729 seconds.
Begin MonoManager ReloadAssembly
Native extension for LinuxStandalone target not found
Refreshing native plugins compatible for Editor in 0.32 ms, found 1 plugins.
Preloading 0 native plugins for Editor in 0.00 ms.
Invoked RoslynAnalysisRunner static constructor.
RoslynAnalysisRunner will not be running.
RoslynAnalysisRunner has terminated.
Mono: successfully reloaded assembly
- Completed reload, in  0.680 seconds
Platform modules already initialized, skipping
Refreshing native plugins compatible for Editor in 0.30 ms, found 1 plugins.
Preloading 0 native plugins for Editor in 0.00 ms.
Unloading 1803 Unused Serialized files (Serialized files now loaded: 0)
System memory in use before: 80.5 MB.
System memory in use after: 80.5 MB.

Unloading 12 unused Assets to reduce memory usage. Loaded Objects now: 2406.
Total: 5.680210 ms (FindLiveObjects: 0.435365 ms CreateObjectMapping: 0.158798 ms MarkObjects: 4.888916 ms  DeleteObjects: 0.193794 ms)

========================================================================
Received Prepare
Registering precompiled user dll's ...
Registered in 0.000838 seconds.
Begin MonoManager ReloadAssembly
Native extension for LinuxStandalone target not found
Refreshing native plugins compatible for Editor in 0.32 ms, found 1 plugins.
Preloading 0 native plugins for Editor in 0.00 ms.
Invoked RoslynAnalysisRunner static constructor.
RoslynAnalysisRunner will not be running.
RoslynAnalysisRunner has terminated.
Mono: successfully reloaded assembly
- Completed reload, in  0.770 seconds
Platform modules already initialized, skipping
Refreshing native plugins compatible for Editor in 0.32 ms, found 1 plugins.
Preloading 0 native plugins for Editor in 0.00 ms.
Unloading 1803 Unused Serialized files (Serialized files now loaded: 0)
System memory in use before: 80.5 MB.
System memory in use after: 80.5 MB.

Unloading 12 unused Assets to reduce memory usage. Loaded Objects now: 2410.
Total: 2.544124 ms (FindLiveObjects: 0.200520 ms CreateObjectMapping: 0.061926 ms MarkObjects: 2.175172 ms  DeleteObjects: 0.105335 ms)

========================================================================
Received Import Request.
  Time since last request: 19168.737610 seconds.
  path: Assets/Prefabs/Tile_0.prefab
  artifactKey: Guid(fe0252d00185406948a0fe30a79dc76f) Importer(815301076,1909f56bfc062723c751e8b465ee728b)
Start importing Assets/Prefabs/Tile_0.prefab using Guid(fe0252d00185406948a0fe30a79dc76f) Importer(815301076,1909f56bfc062723c751e8b465ee728b)  -> (artifact id: 'e42fc847d9cb6870941e2d71911903be') in 0.096462 seconds
  Import took 0.100054 seconds .

========================================================================
Received Import Request.
  Time since last request: 0.000129 seconds.
  path: Assets/Prefabs/Tile_3.prefab
  artifactKey: Guid(86b6ac87ed7de6260b8e5150e3a9e1d1) Importer(815301076,1909f56bfc062723c751e8b465ee728b)
Start importing Assets/Prefabs/Tile_3.prefab using Guid(86b6ac87ed7de6260b8e5150e3a9e1d1) Importer(815301076,1909f56bfc062723c751e8b465ee728b)  -> (artifact id: 'e2804364ef4ca2a556b4ccb97582c792') in 0.007625 seconds
  Import took 0.010136 seconds .

========================================================================
Received Import Request.
  Time since last request: 0.000123 seconds.
  path: Assets/Prefabs/Tile_14.prefab
  artifactKey: Guid(484508b1e77b94688aca3b7c29ef9a50) Importer(815301076,1909f56bfc062723c751e8b465ee728b)
Start importing Assets/Prefabs/Tile_14.prefab using Guid(484508b1e77b94688aca3b7c29ef9a50) Importer(815301076,1909f56bfc062723c751e8b465ee728b)  -> (artifact id: '78b91c4b548e233a77a375725b679aa5') in 0.006852 seconds
  Import took 0.009547 seconds .

========================================================================
Received Import Request.
  Time since last request: 0.000151 seconds.
  path: Assets/Prefabs/Tile_11.prefab
  artifactKey: Guid(c53b7b3a189f50b84a1c2fc88707b6dd) Importer(815301076,1909f56bfc062723c751e8b465ee728b)
Start importing Assets/Prefabs/Tile_11.prefab using Guid(c53b7b3a189f50b84a1c2fc88707b6dd) Importer(815301076,1909f56bfc062723c751e8b465ee728b)  -> (artifact id: '3a2666272e5d282175be8548b8fb06d9') in 0.007446 seconds
  Import took 0.010000 seconds .

========================================================================
Received Import Request.
  Time since last request: 0.000116 seconds.
  path: Assets/Prefabs/Tile_13.prefab
  artifactKey: Guid(106faa6de6d254421bc8c43b9a8a9b3f) Importer(815301076,1909f56bfc062723c751e8b465ee728b)
Start importing Assets/Prefabs/Tile_13.prefab using Guid(106faa6de6d254421bc8c43b9a8a9b3f) Importer(815301076,1909f56bfc062723c751e8b465ee728b)  -> (artifact id: 'e1c9813481a1ed6b4f890e881b8d6d41') in 0.007037 seconds
  Import took 0.009774 seconds .

========================================================================
Received Import Request.
  Time since last request: 0.000128 seconds.
  path: Assets/Prefabs/Tile_9.prefab
  artifactKey: Guid(1e610972c929a78f58c469ab78520ed5) Importer(815301076,1909f56bfc062723c751e8b465ee728b)
Start importing Assets/Prefabs/Tile_9.prefab using Guid(1e610972c929a78f58c469ab78520ed5) Importer(815301076,1909f56bfc062723c751e8b465ee728b)  -> (artifact id: '21ac7b566977b74559501d2aa88c0bf1') in 0.006505 seconds
  Import took 0.009139 seconds .

========================================================================
Received Import Request.
  Time since last request: 0.000130 seconds.
  path: Assets/Prefabs/Tile_5.prefab
  artifactKey: Guid(5af9b5b2b30c1a6d6873725eb224dba3) Importer(815301076,1909f56bfc062723c751e8b465ee728b)
Start importing Assets/Prefabs/Tile_5.prefab using Guid(5af9b5b2b30c1a6d6873725eb224dba3) Importer(815301076,1909f56bfc062723c751e8b465ee728b)  -> (artifact id: 'd6323774ff0c9a2f300d086f197c2e80') in 0.005844 seconds
  Import took 0.008559 seconds .

========================================================================
Received Import Request.
  Time since last request: 0.000191 seconds.
  path: Assets/Prefabs/Tile_10.prefab
  artifactKey: Guid(7364095c6a5b2b678ac4aca5d3257503) Importer(815301076,1909f56bfc062723c751e8b465ee728b)
Start importing Assets/Prefabs/Tile_10.prefab using Guid(7364095c6a5b2b678ac4aca5d3257503) Importer(815301076,1909f56bfc062723c751e8b465ee728b)  -> (artifact id: 'b401c3df0c2db24c43f249578649f62b') in 0.006627 seconds
  Import took 0.009423 seconds .

========================================================================
Received Import Request.
  Time since last request: 0.000115 seconds.
  path: Assets/Prefabs/Tile_4.prefab
  artifactKey: Guid(4ee2595908e19a08491453e4188f7718) Importer(815301076,1909f56bfc062723c751e8b465ee728b)
Start importing Assets/Prefabs/Tile_4.prefab using Guid(4ee2595908e19a08491453e4188f7718) Importer(815301076,1909f56bfc062723c751e8b465ee728b)  -> (artifact id: '5cff29f31039f1af6b1e7699e7a7b38f') in 0.006401 seconds
  Import took 0.009112 seconds .

========================================================================
Received Import Request.
  Time since last request: 0.000122 seconds.
  path: Assets/Prefabs/Tile_2.prefab
  artifactKey: Guid(02537fa8cd10c90999f9910f571dd934) Importer(815301076,1909f56bfc062723c751e8b465ee728b)
Start importing Assets/Prefabs/Tile_2.prefab using Guid(02537fa8cd10c90999f9910f571dd934) Importer(815301076,1909f56bfc062723c751e8b465ee728b)  -> (artifact id: 'ad67066dd02336b64e3ead897b46801a') in 0.005752 seconds
  Import took 0.008465 seconds .

========================================================================
Received Import Request.
  Time since last request: 0.000144 seconds.
  path: Assets/Prefabs/Tile_1.prefab
  artifactKey: Guid(1bc0d7be65d158b818bf5bfa3ecc588d) Importer(815301076,1909f56bfc062723c751e8b465ee728b)
Start importing Assets/Prefabs/Tile_1.prefab using Guid(1bc0d7be65d158b818bf5bfa3ecc588d) Importer(815301076,1909f56bfc062723c751e8b465ee728b)  -> (artifact id: '7db2bc3f2f66dfada44024220f7ab352') in 0.006732 seconds
  Import took 0.009181 seconds .

========================================================================
Received Import Request.
  Time since last request: 0.000132 seconds.
  path: Assets/Prefabs/Tile_6.prefab
  artifactKey: Guid(9100daf2128fa628ab96ba69265d3beb) Importer(815301076,1909f56bfc062723c751e8b465ee728b)
Start importing Assets/Prefabs/Tile_6.prefab using Guid(9100daf2128fa628ab96ba69265d3beb) Importer(815301076,1909f56bfc062723c751e8b465ee728b)  -> (artifact id: '059d9813f07b39381c2c9e4c58cb4c77') in 0.006533 seconds
  Import took 0.009451 seconds .

========================================================================
Received Import Request.
  Time since last request: 0.000157 seconds.
  path: Assets/Prefabs/Tile_12.prefab
  artifactKey: Guid(eaac2ec9144be3483965af4f61f325b7) Importer(815301076,1909f56bfc062723c751e8b465ee728b)
Start importing Assets/Prefabs/Tile_12.prefab using Guid(eaac2ec9144be3483965af4f61f325b7) Importer(815301076,1909f56bfc062723c751e8b465ee728b)  -> (artifact id: 'a91b28eb71521ab63b073da53136aa1f') in 0.007321 seconds
  Import took 0.010740 seconds .

========================================================================
Received Import Request.
  Time since last request: 0.000147 seconds.
  path: Assets/Prefabs/Tile_7.prefab
  artifactKey: Guid(cbb527a66634f6f068bab6d56c128fc1) Importer(815301076,1909f56bfc062723c751e8b465ee728b)
Start importing Assets/Prefabs/Tile_7.prefab using Guid(cbb527a66634f6f068bab6d56c128fc1) Importer(815301076,1909f56bfc062723c751e8b465ee728b)  -> (artifact id: '5cfcd6170af9c36c9cc7658a27eb88df') in 0.005673 seconds
  Import took 0.008625 seconds .

========================================================================
Received Import Request.
  Time since last request: 0.000126 seconds.
  path: Assets/Prefabs/Tile_15.prefab
  artifactKey: Guid(4207c84f4f4932149964b851f6146421) Importer(815301076,1909f56bfc062723c751e8b465ee728b)
Start importing Assets/Prefabs/Tile_15.prefab using Guid(4207c84f4f4932149964b851f6146421) Importer(815301076,1909f56bfc062723c751e8b465ee728b)  -> (artifact id: 'd135bfd6646a429190f20af5a5359a19') in 0.006402 seconds
  Import took 0.009458 seconds .

========================================================================
Received Import Request.
  Time since last request: 0.000166 seconds.
  path: Assets/Prefabs/Tile_8.prefab
  artifactKey: Guid(b9120babc5d819cc0b1d600fa24ff683) Importer(815301076,1909f56bfc062723c751e8b465ee728b)
Start importing Assets/Prefabs/Tile_8.prefab using Guid(b9120babc5d819cc0b1d600fa24ff683) Importer(815301076,1909f56bfc062723c751e8b465ee728b)  -> (artifact id: '3590a5cff9fd023a3a0f9e4be0459cad') in 0.008061 seconds
  Import took 0.010899 seconds .

========================================================================
Received Prepare
Registering precompiled user dll's ...
Registered in 0.000875 seconds.
Begin MonoManager ReloadAssembly
Native extension for LinuxStandalone target not found
Refreshing native plugins compatible for Editor in 0.32 ms, found 1 plugins.
Preloading 0 native plugins for Editor in 0.00 ms.
Invoked RoslynAnalysisRunner static constructor.
RoslynAnalysisRunner will not be running.
RoslynAnalysisRunner has terminated.
Mono: successfully reloaded assembly
- Completed reload, in  0.684 seconds
Platform modules already initialized, skipping
Refreshing native plugins compatible for Editor in 0.26 ms, found 1 plugins.
Preloading 0 native plugins for Editor in 0.00 ms.
Unloading 1803 Unused Serialized files (Serialized files now loaded: 0)
System memory in use before: 80.5 MB.
System memory in use after: 80.6 MB.

Unloading 12 unused Assets to reduce memory usage. Loaded Objects now: 2415.
Total: 2.396259 ms (FindLiveObjects: 0.211928 ms CreateObjectMapping: 0.051870 ms MarkObjects: 2.046255 ms  DeleteObjects: 0.085020 ms)

========================================================================
Received Prepare
Registering precompiled user dll's ...
Registered in 0.000689 seconds.
Begin MonoManager ReloadAssembly
Native extension for LinuxStandalone target not found
Refreshing native plugins compatible for Editor in 0.36 ms, found 1 plugins.
Preloading 0 native plugins for Editor in 0.00 ms.
Invoked RoslynAnalysisRunner static constructor.
RoslynAnalysisRunner will not be running.
RoslynAnalysisRunner has terminated.
Mono: successfully reloaded assembly
- Completed reload, in  0.706 seconds
Platform modules already initialized, skipping
Refreshing native plugins compatible for Editor in 0.31 ms, found 1 plugins.
Preloading 0 native plugins for Editor in 0.00 ms.
Unloading 1803 Unused Serialized files (Serialized files now loaded: 0)
System memory in use before: 80.5 MB.
System memory in use after: 80.6 MB.

Unloading 12 unused Assets to reduce memory usage. Loaded Objects now: 2419.
Total: 2.401388 ms (FindLiveObjects: 0.201422 ms CreateObjectMapping: 0.066436 ms MarkObjects: 2.028899 ms  DeleteObjects: 0.103647 ms)

========================================================================
Received Prepare
Registering precompiled user dll's ...
Registered in 0.000800 seconds.
Begin MonoManager ReloadAssembly
Native extension for LinuxStandalone target not found
Refreshing native plugins compatible for Editor in 0.62 ms, found 1 plugins.
Preloading 0 native plugins for Editor in 0.00 ms.
Invoked RoslynAnalysisRunner static constructor.
RoslynAnalysisRunner will not be running.
RoslynAnalysisRunner has terminated.
Mono: successfully reloaded assembly
- Completed reload, in  0.706 seconds
Platform modules already initialized, skipping
Refreshing native plugins compatible for Editor in 0.31 ms, found 1 plugins.
Preloading 0 native plugins for Editor in 0.00 ms.
Unloading 1803 Unused Serialized files (Serialized files now loaded: 0)
System memory in use before: 80.6 MB.
System memory in use after: 80.6 MB.

Unloading 12 unused Assets to reduce memory usage. Loaded Objects now: 2423.
Total: 2.321359 ms (FindLiveObjects: 0.220457 ms CreateObjectMapping: 0.054479 ms MarkObjects: 1.947319 ms  DeleteObjects: 0.097715 ms)

========================================================================
Received Import Request.
  Time since last request: 1301.492704 seconds.
  path: Assets/Prefabs/Tile_0.prefab
  artifactKey: Guid(fe0252d00185406948a0fe30a79dc76f) Importer(815301076,1909f56bfc062723c751e8b465ee728b)
Start importing Assets/Prefabs/Tile_0.prefab using Guid(fe0252d00185406948a0fe30a79dc76f) Importer(815301076,1909f56bfc062723c751e8b465ee728b)  -> (artifact id: '039af6da0657d4d5a223559b46705f14') in 0.056855 seconds
  Import took 0.060128 seconds .

========================================================================
Received Import Request.
  Time since last request: 14.150148 seconds.
  path: Assets/Prefabs/Tile_0.prefab
  artifactKey: Guid(fe0252d00185406948a0fe30a79dc76f) Importer(815301076,1909f56bfc062723c751e8b465ee728b)
Start importing Assets/Prefabs/Tile_0.prefab using Guid(fe0252d00185406948a0fe30a79dc76f) Importer(815301076,1909f56bfc062723c751e8b465ee728b) ./Editor/Platform/Linux/TempStubs.cpp:PlatformImageForIconForExtension
./Editor/Platform/Linux/TempStubs.cpp:PlatformImageForIconForExtension
./Editor/Platform/Linux/TempStubs.cpp:PlatformImageForIconForExtension
./Editor/Platform/Linux/TempStubs.cpp:PlatformImageForIconForExtension
./Editor/Platform/Linux/TempStubs.cpp:PlatformImageForIconForExtension
./Editor/Platform/Linux/TempStubs.cpp:PlatformImageForIconForExtension
./Editor/Platform/Linux/TempStubs.cpp:PlatformImageForIconForExtension
./Editor/Platform/Linux/TempStubs.cpp:PlatformImageForIconForExtension
./Editor/Platform/Linux/TempStubs.cpp:PlatformImageForIconForExtension
./Editor/Platform/Linux/TempStubs.cpp:PlatformImageForIconForExtension
./Editor/Platform/Linux/TempStubs.cpp:PlatformImageForIconForExtension
./Editor/Platform/Linux/TempStubs.cpp:PlatformImageForIconForExtension
./Editor/Platform/Linux/TempStubs.cpp:PlatformImageForIconForExtension
./Editor/Platform/Linux/TempStubs.cpp:PlatformImageForIconForExtension
./Editor/Platform/Linux/TempStubs.cpp:PlatformImageForIconForExtension
./Editor/Platform/Linux/TempStubs.cpp:PlatformImageForIconForExtension
./Editor/Platform/Linux/TempStubs.cpp:PlatformImageForIconForExtension
./Editor/Platform/Linux/TempStubs.cpp:PlatformImageForIconForExtension
./Editor/Platform/Linux/TempStubs.cpp:PlatformImageForIconForExtension
./Editor/Platform/Linux/TempStubs.cpp:PlatformImageForIconForExtension
./Editor/Platform/Linux/TempStubs.cpp:PlatformImageForIconForExtension
./Editor/Platform/Linux/TempStubs.cpp:PlatformImageForIconForExtension
./Editor/Platform/Linux/TempStubs.cpp:PlatformImageForIconForExtension
./Editor/Platform/Linux/TempStubs.cpp:PlatformImageForIconForExtension
./Editor/Platform/Linux/TempStubs.cpp:PlatformImageForIconForExtension
./Editor/Platform/Linux/TempStubs.cpp:PlatformImageForIconForExtension
./Editor/Platform/Linux/TempStubs.cpp:PlatformImageForIconForExtension
./Editor/Platform/Linux/TempStubs.cpp:PlatformImageForIconForExtension
./Editor/Platform/Linux/TempStubs.cpp:PlatformImageForIconForExtension
./Editor/Platform/Linux/TempStubs.cpp:PlatformImageForIconForExtension
./Editor/Platform/Linux/TempStubs.cpp:PlatformImageForIconForExtension
./Editor/Platform/Linux/TempStubs.cpp:PlatformImageForIconForExtension
./Editor/Platform/Linux/TempStubs.cpp:PlatformImageForIconForExtension
./Editor/Platform/Linux/TempStubs.cpp:PlatformImageForIconForExtension
./Editor/Platform/Linux/TempStubs.cpp:PlatformImageForIconForExtension
./Editor/Platform/Linux/TempStubs.cpp:PlatformImageForIconForExtension
./Editor/Platform/Linux/TempStubs.cpp:PlatformImageForIconForExtension
./Editor/Platform/Linux/TempStubs.cpp:PlatformImageForIconForExtension
./Editor/Platform/Linux/TempStubs.cpp:PlatformImageForIconForExtension
./Editor/Platform/Linux/TempStubs.cpp:PlatformImageForIconForExtension
./Editor/Platform/Linux/TempStubs.cpp:PlatformImageForIconForExtension
./Editor/Platform/Linux/TempStubs.cpp:PlatformImageForIconForExtension
./Editor/Platform/Linux/TempStubs.cpp:PlatformImageForIconForExtension
./Editor/Platform/Linux/TempStubs.cpp:PlatformImageForIconForExtension
./Editor/Platform/Linux/TempStubs.cpp:PlatformImageForIconForExtension
./Editor/Platform/Linux/TempStubs.cpp:PlatformImageForIconForExtension
./Editor/Platform/Linux/TempStubs.cpp:PlatformImageForIconForExtension
./Editor/Platform/Linux/TempStubs.cpp:PlatformImageForIconForExtension
./Editor/Platform/Linux/TempStubs.cpp:PlatformImageForIconForExtension
./Editor/Platform/Linux/TempStubs.cpp:PlatformImageForIconForExtension
./Editor/Platform/Linux/TempStubs.cpp:PlatformImageForIconForExtension
./Editor/Platform/Linux/TempStubs.cpp:PlatformImageForIconForExtension
./Editor/Platform/Linux/TempStubs.cpp:PlatformImageForIconForExtension
./Editor/Platform/Linux/TempStubs.cpp:PlatformImageForIconForExtension
./Editor/Platform/Linux/TempStubs.cpp:PlatformImageForIconForExtension
./Editor/Platform/Linux/TempStubs.cpp:PlatformImageForIconForExtension
./Editor/Platform/Linux/TempStubs.cpp:PlatformImageForIconForExtension
./Editor/Platform/Linux/TempStubs.cpp:PlatformIma -> (artifact id: '64230766bb565731806c8e82f4d3f886') in 0.019343 seconds
  Import took 0.022217 seconds .

========================================================================
Received Prepare
Registering precompiled user dll's ...
Registered in 0.000707 seconds.
Begin MonoManager ReloadAssembly
Native extension for LinuxStandalone target not found
Refreshing native plugins compatible for Editor in 0.32 ms, found 1 plugins.
Preloading 0 native plugins for Editor in 0.00 ms.
Invoked RoslynAnalysisRunner static constructor.
RoslynAnalysisRunner will not be running.
RoslynAnalysisRunner has terminated.
Mono: successfully reloaded assembly
- Completed reload, in  0.666 seconds
Platform modules already initialized, skipping
Refreshing native plugins compatible for Editor in 0.31 ms, found 1 plugins.
Preloading 0 native plugins for Editor in 0.00 ms.
Unloading 1803 Unused Serialized files (Serialized files now loaded: 0)
System memory in use before: 80.6 MB.
System memory in use after: 80.7 MB.

Unloading 12 unused Assets to reduce memory usage. Loaded Objects now: 2430.
Total: 2.564862 ms (FindLiveObjects: 0.192675 ms CreateObjectMapping: 0.086530 ms MarkObjects: 2.186418 ms  DeleteObjects: 0.098348 ms)

========================================================================
Received Prepare
Registering precompiled user dll's ...
Registered in 0.000752 seconds.
Begin MonoManager ReloadAssembly
Native extension for LinuxStandalone target not found
Refreshing native plugins compatible for Editor in 0.35 ms, found 1 plugins.
Preloading 0 native plugins for Editor in 0.00 ms.
Invoked RoslynAnalysisRunner static constructor.
RoslynAnalysisRunner will not be running.
RoslynAnalysisRunner has terminated.
Mono: successfully reloaded assembly
- Completed reload, in  0.677 seconds
Platform modules already initialized, skipping
Refreshing native plugins compatible for Editor in 0.29 ms, found 1 plugins.
Preloading 0 native plugins for Editor in 0.00 ms.
Unloading 1803 Unused Serialized files (Serialized files now loaded: 0)
System memory in use before: 80.6 MB.
System memory in use after: 80.7 MB.

Unloading 12 unused Assets to reduce memory usage. Loaded Objects now: 2434.
Total: 2.308474 ms (FindLiveObjects: 0.193029 ms CreateObjectMapping: 0.101716 ms MarkObjects: 1.913862 ms  DeleteObjects: 0.098855 ms)

========================================================================
Received Prepare
Registering precompiled user dll's ...
Registered in 0.000629 seconds.
Begin MonoManager ReloadAssembly
Native extension for LinuxStandalone target not found
Refreshing native plugins compatible for Editor in 0.33 ms, found 1 plugins.
Preloading 0 native plugins for Editor in 0.00 ms.
Invoked RoslynAnalysisRunner static constructor.
RoslynAnalysisRunner will not be running.
RoslynAnalysisRunner has terminated.
Mono: successfully reloaded assembly
- Completed reload, in  0.694 seconds
Platform modules already initialized, skipping
Refreshing native plugins compatible for Editor in 0.32 ms, found 1 plugins.
Preloading 0 native plugins for Editor in 0.00 ms.
Unloading 1803 Unused Serialized files (Serialized files now loaded: 0)
System memory in use before: 80.7 MB.
System memory in use after: 80.7 MB.

Unloading 12 unused Assets to reduce memory usage. Loaded Objects now: 2438.
Total: 2.587297 ms (FindLiveObjects: 0.254234 ms CreateObjectMapping: 0.139442 ms MarkObjects: 2.086628 ms  DeleteObjects: 0.105681 ms)

========================================================================
Received Prepare
Registering precompiled user dll's ...
Registered in 0.000771 seconds.
Begin MonoManager ReloadAssembly
Native extension for LinuxStandalone target not found
Refreshing native plugins compatible for Editor in 0.33 ms, found 1 plugins.
Preloading 0 native plugins for Editor in 0.00 ms.
Invoked RoslynAnalysisRunner static constructor.
RoslynAnalysisRunner will not be running.
RoslynAnalysisRunner has terminated.
Mono: successfully reloaded assembly
- Completed reload, in  0.738 seconds
Platform modules already initialized, skipping
Refreshing native plugins compatible for Editor in 0.34 ms, found 1 plugins.
Preloading 0 native plugins for Editor in 0.00 ms.
Unloading 1803 Unused Serialized files (Serialized files now loaded: 0)
System memory in use before: 80.7 MB.
System memory in use after: 80.7 MB.

Unloading 12 unused Assets to reduce memory usage. Loaded Objects now: 2442.
Total: 6.559157 ms (FindLiveObjects: 0.588575 ms CreateObjectMapping: 0.285750 ms MarkObjects: 5.485099 ms  DeleteObjects: 0.197200 ms)

AssetImportWorkerClient::OnTransportError - code=2 error=End of file
